[ 2015-05-11T11:36:12+08:00 ] 127.0.0.1 /maka/index.php
INFO: [ app_init ] --START--
INFO: Run Behavior\BuildLiteBehavior [ RunTime:0.000000s ]
INFO: [ app_init ] --END-- [ RunTime:0.008001s ]
INFO: [ app_begin ] --START--
INFO: Run Behavior\ReadHtmlCacheBehavior [ RunTime:0.006000s ]
INFO: [ app_begin ] --END-- [ RunTime:0.006000s ]
ERR: 模板不存在:./Application/Home/View/Index/0.html

[ 2015-05-11T11:38:37+08:00 ] 127.0.0.1 /maka/index.php
INFO: [ app_init ] --START--
INFO: Run Behavior\BuildLiteBehavior [ RunTime:0.000000s ]
INFO: [ app_init ] --END-- [ RunTime:0.001000s ]
INFO: [ app_begin ] --START--
INFO: Run Behavior\ReadHtmlCacheBehavior [ RunTime:0.001000s ]
INFO: [ app_begin ] --END-- [ RunTime:0.001000s ]
ERR: 模板不存在:./Application/Home/View/Index/index.html

[ 2015-05-11T11:55:12+08:00 ] 127.0.0.1 /maka/index.php
INFO: [ app_init ] --START--
INFO: Run Behavior\BuildLiteBehavior [ RunTime:0.000000s ]
INFO: [ app_init ] --END-- [ RunTime:0.001000s ]
INFO: [ app_begin ] --START--
INFO: Run Behavior\ReadHtmlCacheBehavior [ RunTime:0.001000s ]
INFO: [ app_begin ] --END-- [ RunTime:0.001000s ]
ERR: 模板不存在:./Application/Home/View/Index/index.html

[ 2015-05-11T11:55:49+08:00 ] 127.0.0.1 /maka/index.php/home/index
INFO: [ app_init ] --START--
INFO: Run Behavior\BuildLiteBehavior [ RunTime:0.000000s ]
INFO: [ app_init ] --END-- [ RunTime:0.001000s ]
INFO: [ app_begin ] --START--
INFO: Run Behavior\ReadHtmlCacheBehavior [ RunTime:0.001000s ]
INFO: [ app_begin ] --END-- [ RunTime:0.001000s ]
ERR: 模板不存在:./Application/Home/View/Index/index.html

[ 2015-05-11T11:56:26+08:00 ] 127.0.0.1 /maka/index.php/home/index
INFO: [ app_init ] --START--
INFO: Run Behavior\BuildLiteBehavior [ RunTime:0.000000s ]
INFO: [ app_init ] --END-- [ RunTime:0.002000s ]
INFO: [ app_begin ] --START--
INFO: Run Behavior\ReadHtmlCacheBehavior [ RunTime:0.001001s ]
INFO: [ app_begin ] --END-- [ RunTime:0.002001s ]
ERR: 模板不存在:./Application/Home/View/Index/index.html

[ 2015-05-11T11:56:27+08:00 ] 127.0.0.1 /maka/index.php/home/index
INFO: [ app_init ] --START--
INFO: Run Behavior\BuildLiteBehavior [ RunTime:0.000000s ]
INFO: [ app_init ] --END-- [ RunTime:0.001000s ]
INFO: [ app_begin ] --START--
INFO: Run Behavior\ReadHtmlCacheBehavior [ RunTime:0.001000s ]
INFO: [ app_begin ] --END-- [ RunTime:0.001000s ]
ERR: 模板不存在:./Application/Home/View/Index/index.html

[ 2015-05-11T11:56:27+08:00 ] 127.0.0.1 /maka/index.php/home/index
INFO: [ app_init ] --START--
INFO: Run Behavior\BuildLiteBehavior [ RunTime:0.000000s ]
INFO: [ app_init ] --END-- [ RunTime:0.000000s ]
INFO: [ app_begin ] --START--
INFO: Run Behavior\ReadHtmlCacheBehavior [ RunTime:0.000000s ]
INFO: [ app_begin ] --END-- [ RunTime:0.001001s ]
ERR: 模板不存在:./Application/Home/View/Index/index.html

[ 2015-05-11T11:56:27+08:00 ] 127.0.0.1 /maka/index.php/home/index
INFO: [ app_init ] --START--
INFO: Run Behavior\BuildLiteBehavior [ RunTime:0.000000s ]
INFO: [ app_init ] --END-- [ RunTime:0.002000s ]
INFO: [ app_begin ] --START--
INFO: Run Behavior\ReadHtmlCacheBehavior [ RunTime:0.000000s ]
INFO: [ app_begin ] --END-- [ RunTime:0.001000s ]
ERR: 模板不存在:./Application/Home/View/Index/index.html

[ 2015-05-11T11:56:27+08:00 ] 127.0.0.1 /maka/index.php/home/index
INFO: [ app_init ] --START--
INFO: Run Behavior\BuildLiteBehavior [ RunTime:0.000000s ]
INFO: [ app_init ] --END-- [ RunTime:0.001000s ]
INFO: [ app_begin ] --START--
INFO: Run Behavior\ReadHtmlCacheBehavior [ RunTime:0.001000s ]
INFO: [ app_begin ] --END-- [ RunTime:0.001000s ]
ERR: 模板不存在:./Application/Home/View/Index/index.html

[ 2015-05-11T11:56:46+08:00 ] 127.0.0.1 /maka/index.php/home/index
INFO: [ app_init ] --START--
INFO: Run Behavior\BuildLiteBehavior [ RunTime:0.000000s ]
INFO: [ app_init ] --END-- [ RunTime:0.001000s ]
INFO: [ app_begin ] --START--
INFO: Run Behavior\ReadHtmlCacheBehavior [ RunTime:0.000000s ]
INFO: [ app_begin ] --END-- [ RunTime:0.001000s ]
ERR: 模板不存在:./Application/Home/View/Index/12123.html

[ 2015-05-11T11:57:14+08:00 ] 127.0.0.1 /maka/index.php/home/index
INFO: [ app_init ] --START--
INFO: Run Behavior\BuildLiteBehavior [ RunTime:0.000000s ]
INFO: [ app_init ] --END-- [ RunTime:0.001000s ]
INFO: [ app_begin ] --START--
INFO: Run Behavior\ReadHtmlCacheBehavior [ RunTime:0.000000s ]
INFO: [ app_begin ] --END-- [ RunTime:0.000000s ]
INFO: [ view_parse ] --START--
INFO: [ template_filter ] --START--
INFO: Run Behavior\ContentReplaceBehavior [ RunTime:0.001000s ]
INFO: [ template_filter ] --END-- [ RunTime:0.001000s ]

[ 2015-05-11T11:57:50+08:00 ] 127.0.0.1 /maka/index.php/home/index
INFO: [ app_init ] --START--
INFO: Run Behavior\BuildLiteBehavior [ RunTime:0.000000s ]
INFO: [ app_init ] --END-- [ RunTime:0.000000s ]
INFO: [ app_begin ] --START--
INFO: Run Behavior\ReadHtmlCacheBehavior [ RunTime:0.000000s ]
INFO: [ app_begin ] --END-- [ RunTime:0.001000s ]
INFO: [ view_parse ] --START--
INFO: [ template_filter ] --START--
INFO: Run Behavior\ContentReplaceBehavior [ RunTime:0.000000s ]
INFO: [ template_filter ] --END-- [ RunTime:0.000000s ]

[ 2015-05-11T11:57:51+08:00 ] 127.0.0.1 /maka/index.php/home/index
INFO: [ app_init ] --START--
INFO: Run Behavior\BuildLiteBehavior [ RunTime:0.000000s ]
INFO: [ app_init ] --END-- [ RunTime:0.001000s ]
INFO: [ app_begin ] --START--
INFO: Run Behavior\ReadHtmlCacheBehavior [ RunTime:0.001000s ]
INFO: [ app_begin ] --END-- [ RunTime:0.001000s ]
INFO: [ view_parse ] --START--
INFO: [ template_filter ] --START--
INFO: Run Behavior\ContentReplaceBehavior [ RunTime:0.000000s ]
INFO: [ template_filter ] --END-- [ RunTime:0.000000s ]

[ 2015-05-11T11:57:52+08:00 ] 127.0.0.1 /maka/index.php/home/index
INFO: [ app_init ] --START--
INFO: Run Behavior\BuildLiteBehavior [ RunTime:0.000000s ]
INFO: [ app_init ] --END-- [ RunTime:0.001000s ]
INFO: [ app_begin ] --START--
INFO: Run Behavior\ReadHtmlCacheBehavior [ RunTime:0.001000s ]
INFO: [ app_begin ] --END-- [ RunTime:0.001000s ]
INFO: [ view_parse ] --START--
INFO: [ template_filter ] --START--
INFO: Run Behavior\ContentReplaceBehavior [ RunTime:0.000000s ]
INFO: [ template_filter ] --END-- [ RunTime:0.000000s ]

[ 2015-05-11T11:58:32+08:00 ] 127.0.0.1 /maka/index.php/home/index
INFO: [ app_init ] --START--
INFO: Run Behavior\BuildLiteBehavior [ RunTime:0.000000s ]
INFO: [ app_init ] --END-- [ RunTime:0.001000s ]
INFO: [ app_begin ] --START--
INFO: Run Behavior\ReadHtmlCacheBehavior [ RunTime:0.001000s ]
INFO: [ app_begin ] --END-- [ RunTime:0.001000s ]
INFO: [ view_parse ] --START--
INFO: [ template_filter ] --START--
INFO: Run Behavior\ContentReplaceBehavior [ RunTime:0.000000s ]
INFO: [ template_filter ] --END-- [ RunTime:0.000000s ]

[ 2015-05-11T11:58:33+08:00 ] 127.0.0.1 /maka/index.php/home/index
INFO: [ app_init ] --START--
INFO: Run Behavior\BuildLiteBehavior [ RunTime:0.000000s ]
INFO: [ app_init ] --END-- [ RunTime:0.001000s ]
INFO: [ app_begin ] --START--
INFO: Run Behavior\ReadHtmlCacheBehavior [ RunTime:0.001000s ]
INFO: [ app_begin ] --END-- [ RunTime:0.001000s ]
INFO: [ view_parse ] --START--
INFO: [ template_filter ] --START--
INFO: Run Behavior\ContentReplaceBehavior [ RunTime:0.000000s ]
INFO: [ template_filter ] --END-- [ RunTime:0.001000s ]

[ 2015-05-11T11:58:33+08:00 ] 127.0.0.1 /maka/index.php/home/index
INFO: [ app_init ] --START--
INFO: Run Behavior\BuildLiteBehavior [ RunTime:0.000000s ]
INFO: [ app_init ] --END-- [ RunTime:0.001000s ]
INFO: [ app_begin ] --START--
INFO: Run Behavior\ReadHtmlCacheBehavior [ RunTime:0.001000s ]
INFO: [ app_begin ] --END-- [ RunTime:0.001000s ]
INFO: [ view_parse ] --START--
INFO: [ template_filter ] --START--
INFO: Run Behavior\ContentReplaceBehavior [ RunTime:0.000000s ]
INFO: [ template_filter ] --END-- [ RunTime:0.000000s ]

[ 2015-05-11T11:58:34+08:00 ] 127.0.0.1 /maka/index.php/home/index
INFO: [ app_init ] --START--
INFO: Run Behavior\BuildLiteBehavior [ RunTime:0.000000s ]
INFO: [ app_init ] --END-- [ RunTime:0.001000s ]
INFO: [ app_begin ] --START--
INFO: Run Behavior\ReadHtmlCacheBehavior [ RunTime:0.001000s ]
INFO: [ app_begin ] --END-- [ RunTime:0.001000s ]
INFO: [ view_parse ] --START--
INFO: [ template_filter ] --START--
INFO: Run Behavior\ContentReplaceBehavior [ RunTime:0.001000s ]
INFO: [ template_filter ] --END-- [ RunTime:0.001000s ]

[ 2015-05-11T11:58:35+08:00 ] 127.0.0.1 /maka/index.php/home/index
INFO: [ app_init ] --START--
INFO: Run Behavior\BuildLiteBehavior [ RunTime:0.000000s ]
INFO: [ app_init ] --END-- [ RunTime:0.001000s ]
INFO: [ app_begin ] --START--
INFO: Run Behavior\ReadHtmlCacheBehavior [ RunTime:0.001001s ]
INFO: [ app_begin ] --END-- [ RunTime:0.001001s ]
INFO: [ view_parse ] --START--
INFO: [ template_filter ] --START--
INFO: Run Behavior\ContentReplaceBehavior [ RunTime:0.000000s ]
INFO: [ template_filter ] --END-- [ RunTime:0.000000s ]

[ 2015-05-11T11:58:50+08:00 ] 127.0.0.1 /maka/index.php/home/index
INFO: [ app_init ] --START--
INFO: Run Behavior\BuildLiteBehavior [ RunTime:0.000000s ]
INFO: [ app_init ] --END-- [ RunTime:0.001001s ]
INFO: [ app_begin ] --START--
INFO: Run Behavior\ReadHtmlCacheBehavior [ RunTime:0.001000s ]
INFO: [ app_begin ] --END-- [ RunTime:0.001000s ]
INFO: [ view_parse ] --START--
INFO: [ template_filter ] --START--
INFO: Run Behavior\ContentReplaceBehavior [ RunTime:0.000000s ]
INFO: [ template_filter ] --END-- [ RunTime:0.000000s ]
INFO: Run Behavior\ParseTemplateBehavior [ RunTime:0.010000s ]
INFO: [ view_parse ] --END-- [ RunTime:0.011000s ]
INFO: [ view_filter ] --START--
INFO: Run Behavior\WriteHtmlCacheBehavior [ RunTime:0.024002s ]
INFO: [ view_filter ] --END-- [ RunTime:0.024002s ]
INFO: [ app_end ] --START--
INFO: Run Behavior\ShowPageTraceBehavior [ RunTime:0.010000s ]
INFO: [ app_end ] --END-- [ RunTime:0.010000s ]

[ 2015-05-11T11:58:51+08:00 ] 127.0.0.1 /maka/index.php/home/index
INFO: [ app_init ] --START--
INFO: Run Behavior\BuildLiteBehavior [ RunTime:0.000000s ]
INFO: [ app_init ] --END-- [ RunTime:0.000000s ]
INFO: [ app_begin ] --START--
INFO: Run Behavior\ReadHtmlCacheBehavior [ RunTime:0.001001s ]
INFO: [ app_begin ] --END-- [ RunTime:0.001001s ]
INFO: [ view_parse ] --START--
INFO: [ template_filter ] --START--
INFO: Run Behavior\ContentReplaceBehavior [ RunTime:0.001000s ]
INFO: [ template_filter ] --END-- [ RunTime:0.001000s ]
INFO: Run Behavior\ParseTemplateBehavior [ RunTime:0.015000s ]
INFO: [ view_parse ] --END-- [ RunTime:0.015000s ]
INFO: [ view_filter ] --START--
INFO: Run Behavior\WriteHtmlCacheBehavior [ RunTime:0.001001s ]
INFO: [ view_filter ] --END-- [ RunTime:0.001001s ]
INFO: [ app_end ] --START--
INFO: Run Behavior\ShowPageTraceBehavior [ RunTime:0.001000s ]
INFO: [ app_end ] --END-- [ RunTime:0.001000s ]

[ 2015-05-11T11:59:09+08:00 ] 127.0.0.1 /maka/index.php/home/index
INFO: [ app_init ] --START--
INFO: Run Behavior\BuildLiteBehavior [ RunTime:0.000000s ]
INFO: [ app_init ] --END-- [ RunTime:0.000000s ]
INFO: [ app_begin ] --START--
INFO: Run Behavior\ReadHtmlCacheBehavior [ RunTime:0.001000s ]
INFO: [ app_begin ] --END-- [ RunTime:0.001000s ]
INFO: [ view_parse ] --START--
INFO: [ template_filter ] --START--
INFO: Run Behavior\ContentReplaceBehavior [ RunTime:0.000000s ]
INFO: [ template_filter ] --END-- [ RunTime:0.000000s ]
INFO: Run Behavior\ParseTemplateBehavior [ RunTime:0.011001s ]
INFO: [ view_parse ] --END-- [ RunTime:0.011001s ]
INFO: [ view_filter ] --START--
INFO: Run Behavior\WriteHtmlCacheBehavior [ RunTime:0.000000s ]
INFO: [ view_filter ] --END-- [ RunTime:0.000000s ]
INFO: [ app_end ] --START--
INFO: Run Behavior\ShowPageTraceBehavior [ RunTime:0.001000s ]
INFO: [ app_end ] --END-- [ RunTime:0.001000s ]

[ 2015-05-11T12:02:24+08:00 ] 127.0.0.1 /maka/index.php/home/index
INFO: [ app_init ] --START--
INFO: Run Behavior\BuildLiteBehavior [ RunTime:0.000000s ]
INFO: [ app_init ] --END-- [ RunTime:0.000000s ]
INFO: [ app_begin ] --START--
INFO: Run Behavior\ReadHtmlCacheBehavior [ RunTime:0.000000s ]
INFO: [ app_begin ] --END-- [ RunTime:0.001000s ]
INFO: [ view_parse ] --START--
INFO: [ template_filter ] --START--
INFO: Run Behavior\ContentReplaceBehavior [ RunTime:0.001000s ]
INFO: [ template_filter ] --END-- [ RunTime:0.001000s ]
INFO: Run Behavior\ParseTemplateBehavior [ RunTime:0.010001s ]
INFO: [ view_parse ] --END-- [ RunTime:0.010001s ]
INFO: [ view_filter ] --START--
INFO: Run Behavior\WriteHtmlCacheBehavior [ RunTime:0.001000s ]
INFO: [ view_filter ] --END-- [ RunTime:0.001000s ]
INFO: [ app_end ] --START--
INFO: Run Behavior\ShowPageTraceBehavior [ RunTime:0.002000s ]
INFO: [ app_end ] --END-- [ RunTime:0.002000s ]

[ 2015-05-11T12:02:49+08:00 ] 127.0.0.1 /maka/index.php/home/index
INFO: [ app_init ] --START--
INFO: Run Behavior\BuildLiteBehavior [ RunTime:0.000000s ]
INFO: [ app_init ] --END-- [ RunTime:0.000000s ]
INFO: [ app_begin ] --START--
INFO: Run Behavior\ReadHtmlCacheBehavior [ RunTime:0.001000s ]
INFO: [ app_begin ] --END-- [ RunTime:0.001000s ]
INFO: [ view_parse ] --START--
INFO: [ template_filter ] --START--
INFO: Run Behavior\ContentReplaceBehavior [ RunTime:0.000000s ]
INFO: [ template_filter ] --END-- [ RunTime:0.000000s ]
INFO: Run Behavior\ParseTemplateBehavior [ RunTime:0.010000s ]
INFO: [ view_parse ] --END-- [ RunTime:0.010000s ]
INFO: [ view_filter ] --START--
INFO: Run Behavior\WriteHtmlCacheBehavior [ RunTime:0.000000s ]
INFO: [ view_filter ] --END-- [ RunTime:0.000000s ]
INFO: [ app_end ] --START--
INFO: Run Behavior\ShowPageTraceBehavior [ RunTime:0.000000s ]
INFO: [ app_end ] --END-- [ RunTime:0.000000s ]

[ 2015-05-11T12:03:36+08:00 ] 127.0.0.1 /maka/index.php/home/index
INFO: [ app_init ] --START--
INFO: Run Behavior\BuildLiteBehavior [ RunTime:0.000000s ]
INFO: [ app_init ] --END-- [ RunTime:0.000000s ]
INFO: [ app_begin ] --START--
INFO: Run Behavior\ReadHtmlCacheBehavior [ RunTime:0.000000s ]
INFO: [ app_begin ] --END-- [ RunTime:0.001000s ]
INFO: [ view_parse ] --START--
INFO: [ template_filter ] --START--
INFO: Run Behavior\ContentReplaceBehavior [ RunTime:0.000000s ]
INFO: [ template_filter ] --END-- [ RunTime:0.000000s ]
INFO: Run Behavior\ParseTemplateBehavior [ RunTime:0.010001s ]
INFO: [ view_parse ] --END-- [ RunTime:0.010001s ]
INFO: [ view_filter ] --START--
INFO: Run Behavior\WriteHtmlCacheBehavior [ RunTime:0.001000s ]
INFO: [ view_filter ] --END-- [ RunTime:0.001000s ]
INFO: [ app_end ] --START--
INFO: Run Behavior\ShowPageTraceBehavior [ RunTime:0.001000s ]
INFO: [ app_end ] --END-- [ RunTime:0.001000s ]

[ 2015-05-11T12:04:34+08:00 ] 127.0.0.1 /maka/index.php/home/index
INFO: [ app_init ] --START--
INFO: Run Behavior\BuildLiteBehavior [ RunTime:0.000000s ]
INFO: [ app_init ] --END-- [ RunTime:0.000000s ]
INFO: [ app_begin ] --START--
INFO: Run Behavior\ReadHtmlCacheBehavior [ RunTime:0.000000s ]
INFO: [ app_begin ] --END-- [ RunTime:0.000000s ]
INFO: [ view_parse ] --START--
INFO: [ template_filter ] --START--
INFO: Run Behavior\ContentReplaceBehavior [ RunTime:0.000000s ]
INFO: [ template_filter ] --END-- [ RunTime:0.000000s ]
INFO: Run Behavior\ParseTemplateBehavior [ RunTime:0.015600s ]
INFO: [ view_parse ] --END-- [ RunTime:0.015600s ]
INFO: [ view_filter ] --START--
INFO: Run Behavior\WriteHtmlCacheBehavior [ RunTime:0.000000s ]
INFO: [ view_filter ] --END-- [ RunTime:0.000000s ]
INFO: [ app_end ] --START--
INFO: Run Behavior\ShowPageTraceBehavior [ RunTime:0.000000s ]
INFO: [ app_end ] --END-- [ RunTime:0.000000s ]

[ 2015-05-11T12:04:50+08:00 ] 127.0.0.1 /maka/index.php/home/index
INFO: [ app_init ] --START--
INFO: Run Behavior\BuildLiteBehavior [ RunTime:0.000000s ]
INFO: [ app_init ] --END-- [ RunTime:0.000000s ]
INFO: [ app_begin ] --START--
INFO: Run Behavior\ReadHtmlCacheBehavior [ RunTime:0.000000s ]
INFO: [ app_begin ] --END-- [ RunTime:0.000000s ]
INFO: [ view_parse ] --START--
INFO: [ template_filter ] --START--
INFO: Run Behavior\ContentReplaceBehavior [ RunTime:0.000000s ]
INFO: [ template_filter ] --END-- [ RunTime:0.000000s ]
INFO: Run Behavior\ParseTemplateBehavior [ RunTime:0.015600s ]
INFO: [ view_parse ] --END-- [ RunTime:0.015600s ]
INFO: [ view_filter ] --START--
INFO: Run Behavior\WriteHtmlCacheBehavior [ RunTime:0.000000s ]
INFO: [ view_filter ] --END-- [ RunTime:0.000000s ]
INFO: [ app_end ] --START--
INFO: Run Behavior\ShowPageTraceBehavior [ RunTime:0.000000s ]
INFO: [ app_end ] --END-- [ RunTime:0.000000s ]

[ 2015-05-11T12:07:23+08:00 ] 127.0.0.1 /maka/index.php/home/index
INFO: [ app_init ] --START--
INFO: Run Behavior\BuildLiteBehavior [ RunTime:0.000000s ]
INFO: [ app_init ] --END-- [ RunTime:0.001000s ]
INFO: [ app_begin ] --START--
INFO: Run Behavior\ReadHtmlCacheBehavior [ RunTime:0.001000s ]
INFO: [ app_begin ] --END-- [ RunTime:0.001000s ]
INFO: [ view_parse ] --START--
INFO: [ template_filter ] --START--
INFO: Run Behavior\ContentReplaceBehavior [ RunTime:0.000000s ]
INFO: [ template_filter ] --END-- [ RunTime:0.000000s ]
INFO: Run Behavior\ParseTemplateBehavior [ RunTime:0.010001s ]
INFO: [ view_parse ] --END-- [ RunTime:0.010001s ]
INFO: [ view_filter ] --START--
INFO: Run Behavior\WriteHtmlCacheBehavior [ RunTime:0.000000s ]
INFO: [ view_filter ] --END-- [ RunTime:0.001000s ]
INFO: [ app_end ] --START--
INFO: Run Behavior\ShowPageTraceBehavior [ RunTime:0.001000s ]
INFO: [ app_end ] --END-- [ RunTime:0.001000s ]

[ 2015-05-11T12:08:27+08:00 ] 127.0.0.1 /maka/index.php/home/index
INFO: [ app_init ] --START--
INFO: Run Behavior\BuildLiteBehavior [ RunTime:0.000000s ]
INFO: [ app_init ] --END-- [ RunTime:0.001000s ]
INFO: [ app_begin ] --START--
INFO: Run Behavior\ReadHtmlCacheBehavior [ RunTime:0.001000s ]
INFO: [ app_begin ] --END-- [ RunTime:0.001000s ]
INFO: [ view_parse ] --START--
INFO: [ template_filter ] --START--
INFO: Run Behavior\ContentReplaceBehavior [ RunTime:0.000000s ]
INFO: [ template_filter ] --END-- [ RunTime:0.000000s ]
INFO: Run Behavior\ParseTemplateBehavior [ RunTime:0.010001s ]
INFO: [ view_parse ] --END-- [ RunTime:0.010001s ]
INFO: [ view_filter ] --START--
INFO: Run Behavior\WriteHtmlCacheBehavior [ RunTime:0.001000s ]
INFO: [ view_filter ] --END-- [ RunTime:0.001000s ]
INFO: [ app_end ] --START--
INFO: Run Behavior\ShowPageTraceBehavior [ RunTime:0.001000s ]
INFO: [ app_end ] --END-- [ RunTime:0.001000s ]

[ 2015-05-11T12:08:29+08:00 ] 127.0.0.1 /maka/index.php/home/index
INFO: [ app_init ] --START--
INFO: Run Behavior\BuildLiteBehavior [ RunTime:0.000000s ]
INFO: [ app_init ] --END-- [ RunTime:0.000000s ]
INFO: [ app_begin ] --START--
INFO: Run Behavior\ReadHtmlCacheBehavior [ RunTime:0.001000s ]
INFO: [ app_begin ] --END-- [ RunTime:0.001000s ]
INFO: [ view_parse ] --START--
INFO: [ template_filter ] --START--
INFO: Run Behavior\ContentReplaceBehavior [ RunTime:0.001000s ]
INFO: [ template_filter ] --END-- [ RunTime:0.002000s ]
INFO: Run Behavior\ParseTemplateBehavior [ RunTime:0.011001s ]
INFO: [ view_parse ] --END-- [ RunTime:0.011001s ]
INFO: [ view_filter ] --START--
INFO: Run Behavior\WriteHtmlCacheBehavior [ RunTime:0.000000s ]
INFO: [ view_filter ] --END-- [ RunTime:0.000000s ]
INFO: [ app_end ] --START--
INFO: Run Behavior\ShowPageTraceBehavior [ RunTime:0.001000s ]
INFO: [ app_end ] --END-- [ RunTime:0.001000s ]

[ 2015-05-11T13:59:06+08:00 ] 127.0.0.1 /maka/index.php/home/index
INFO: [ app_init ] --START--
INFO: Run Behavior\BuildLiteBehavior [ RunTime:0.000000s ]
INFO: [ app_init ] --END-- [ RunTime:0.015600s ]
INFO: [ app_begin ] --START--
INFO: Run Behavior\ReadHtmlCacheBehavior [ RunTime:0.000000s ]
INFO: [ app_begin ] --END-- [ RunTime:0.000000s ]
INFO: [ view_parse ] --START--
INFO: [ template_filter ] --START--
INFO: Run Behavior\ContentReplaceBehavior [ RunTime:0.000000s ]
INFO: [ template_filter ] --END-- [ RunTime:0.000000s ]
INFO: Run Behavior\ParseTemplateBehavior [ RunTime:0.062400s ]
INFO: [ view_parse ] --END-- [ RunTime:0.062400s ]
INFO: [ view_filter ] --START--
INFO: Run Behavior\WriteHtmlCacheBehavior [ RunTime:0.000000s ]
INFO: [ view_filter ] --END-- [ RunTime:0.000000s ]
INFO: [ app_end ] --START--
INFO: Run Behavior\ShowPageTraceBehavior [ RunTime:0.015600s ]
INFO: [ app_end ] --END-- [ RunTime:0.015600s ]

[ 2015-05-11T14:09:20+08:00 ] 127.0.0.1 /maka/index.php/home/index
INFO: [ app_init ] --START--
INFO: Run Behavior\BuildLiteBehavior [ RunTime:0.000000s ]
INFO: [ app_init ] --END-- [ RunTime:0.000000s ]
INFO: [ app_begin ] --START--
INFO: Run Behavior\ReadHtmlCacheBehavior [ RunTime:0.000000s ]
INFO: [ app_begin ] --END-- [ RunTime:0.000000s ]
INFO: [ view_parse ] --START--
INFO: [ template_filter ] --START--
INFO: Run Behavior\ContentReplaceBehavior [ RunTime:0.000000s ]
INFO: [ template_filter ] --END-- [ RunTime:0.000000s ]
INFO: Run Behavior\ParseTemplateBehavior [ RunTime:0.015600s ]
INFO: [ view_parse ] --END-- [ RunTime:0.015600s ]
INFO: [ view_filter ] --START--
INFO: Run Behavior\WriteHtmlCacheBehavior [ RunTime:0.000000s ]
INFO: [ view_filter ] --END-- [ RunTime:0.000000s ]
INFO: [ app_end ] --START--
INFO: Run Behavior\ShowPageTraceBehavior [ RunTime:0.000000s ]
INFO: [ app_end ] --END-- [ RunTime:0.000000s ]

[ 2015-05-11T14:10:43+08:00 ] 127.0.0.1 /maka/index.php/home/index
INFO: [ app_init ] --START--
INFO: Run Behavior\BuildLiteBehavior [ RunTime:0.000000s ]
INFO: [ app_init ] --END-- [ RunTime:0.000000s ]
INFO: [ app_begin ] --START--
INFO: Run Behavior\ReadHtmlCacheBehavior [ RunTime:0.000000s ]
INFO: [ app_begin ] --END-- [ RunTime:0.000000s ]
INFO: [ view_parse ] --START--
INFO: [ template_filter ] --START--
INFO: Run Behavior\ContentReplaceBehavior [ RunTime:0.000000s ]
INFO: [ template_filter ] --END-- [ RunTime:0.000000s ]
INFO: Run Behavior\ParseTemplateBehavior [ RunTime:0.015600s ]
INFO: [ view_parse ] --END-- [ RunTime:0.015600s ]
INFO: [ view_filter ] --START--
INFO: Run Behavior\WriteHtmlCacheBehavior [ RunTime:0.000000s ]
INFO: [ view_filter ] --END-- [ RunTime:0.000000s ]
INFO: [ app_end ] --START--
INFO: Run Behavior\ShowPageTraceBehavior [ RunTime:0.000000s ]
INFO: [ app_end ] --END-- [ RunTime:0.000000s ]

[ 2015-05-11T14:11:22+08:00 ] 127.0.0.1 /maka/index.php/home/index
INFO: [ app_init ] --START--
INFO: Run Behavior\BuildLiteBehavior [ RunTime:0.000000s ]
INFO: [ app_init ] --END-- [ RunTime:0.000000s ]
INFO: [ app_begin ] --START--
INFO: Run Behavior\ReadHtmlCacheBehavior [ RunTime:0.000000s ]
INFO: [ app_begin ] --END-- [ RunTime:0.000000s ]
INFO: [ view_parse ] --START--
INFO: [ template_filter ] --START--
INFO: Run Behavior\ContentReplaceBehavior [ RunTime:0.000000s ]
INFO: [ template_filter ] --END-- [ RunTime:0.000000s ]
INFO: Run Behavior\ParseTemplateBehavior [ RunTime:0.015601s ]
INFO: [ view_parse ] --END-- [ RunTime:0.015601s ]
INFO: [ view_filter ] --START--
INFO: Run Behavior\WriteHtmlCacheBehavior [ RunTime:0.000000s ]
INFO: [ view_filter ] --END-- [ RunTime:0.000000s ]
INFO: [ app_end ] --START--
INFO: Run Behavior\ShowPageTraceBehavior [ RunTime:0.000000s ]
INFO: [ app_end ] --END-- [ RunTime:0.000000s ]

[ 2015-05-11T14:11:49+08:00 ] 127.0.0.1 /maka/index.php/home/index
INFO: [ app_init ] --START--
INFO: Run Behavior\BuildLiteBehavior [ RunTime:0.000000s ]
INFO: [ app_init ] --END-- [ RunTime:0.000000s ]
INFO: [ app_begin ] --START--
INFO: Run Behavior\ReadHtmlCacheBehavior [ RunTime:0.000000s ]
INFO: [ app_begin ] --END-- [ RunTime:0.000000s ]
INFO: [ view_parse ] --START--
INFO: [ template_filter ] --START--
INFO: Run Behavior\ContentReplaceBehavior [ RunTime:0.000000s ]
INFO: [ template_filter ] --END-- [ RunTime:0.000000s ]
INFO: Run Behavior\ParseTemplateBehavior [ RunTime:0.015600s ]
INFO: [ view_parse ] --END-- [ RunTime:0.015600s ]
INFO: [ view_filter ] --START--
INFO: Run Behavior\WriteHtmlCacheBehavior [ RunTime:0.000000s ]
INFO: [ view_filter ] --END-- [ RunTime:0.000000s ]
INFO: [ app_end ] --START--
INFO: Run Behavior\ShowPageTraceBehavior [ RunTime:0.000000s ]
INFO: [ app_end ] --END-- [ RunTime:0.000000s ]

[ 2015-05-11T14:14:20+08:00 ] 127.0.0.1 /maka/index.php/home/index
INFO: [ app_init ] --START--
INFO: Run Behavior\BuildLiteBehavior [ RunTime:0.000000s ]
INFO: [ app_init ] --END-- [ RunTime:0.000000s ]
INFO: [ app_begin ] --START--
INFO: Run Behavior\ReadHtmlCacheBehavior [ RunTime:0.000000s ]
INFO: [ app_begin ] --END-- [ RunTime:0.000000s ]
INFO: [ view_parse ] --START--
INFO: [ template_filter ] --START--
INFO: Run Behavior\ContentReplaceBehavior [ RunTime:0.000000s ]
INFO: [ template_filter ] --END-- [ RunTime:0.000000s ]
INFO: Run Behavior\ParseTemplateBehavior [ RunTime:0.000000s ]
INFO: [ view_parse ] --END-- [ RunTime:0.000000s ]
INFO: [ view_filter ] --START--
INFO: Run Behavior\WriteHtmlCacheBehavior [ RunTime:0.000000s ]
INFO: [ view_filter ] --END-- [ RunTime:0.000000s ]
INFO: [ app_end ] --START--
INFO: Run Behavior\ShowPageTraceBehavior [ RunTime:0.015600s ]
INFO: [ app_end ] --END-- [ RunTime:0.015600s ]

[ 2015-05-11T14:14:56+08:00 ] 127.0.0.1 /maka/index.php/home/index
INFO: [ app_init ] --START--
INFO: Run Behavior\BuildLiteBehavior [ RunTime:0.000000s ]
INFO: [ app_init ] --END-- [ RunTime:0.000000s ]
INFO: [ app_begin ] --START--
INFO: Run Behavior\ReadHtmlCacheBehavior [ RunTime:0.000000s ]
INFO: [ app_begin ] --END-- [ RunTime:0.000000s ]
INFO: [ view_parse ] --START--
INFO: [ template_filter ] --START--
INFO: Run Behavior\ContentReplaceBehavior [ RunTime:0.000000s ]
INFO: [ template_filter ] --END-- [ RunTime:0.000000s ]
INFO: Run Behavior\ParseTemplateBehavior [ RunTime:0.015600s ]
INFO: [ view_parse ] --END-- [ RunTime:0.015600s ]
INFO: [ view_filter ] --START--
INFO: Run Behavior\WriteHtmlCacheBehavior [ RunTime:0.000000s ]
INFO: [ view_filter ] --END-- [ RunTime:0.000000s ]
INFO: [ app_end ] --START--
INFO: Run Behavior\ShowPageTraceBehavior [ RunTime:0.000000s ]
INFO: [ app_end ] --END-- [ RunTime:0.000000s ]

[ 2015-05-11T14:15:27+08:00 ] 127.0.0.1 /maka/index.php/home/index
INFO: [ app_init ] --START--
INFO: Run Behavior\BuildLiteBehavior [ RunTime:0.000000s ]
INFO: [ app_init ] --END-- [ RunTime:0.000000s ]
INFO: [ app_begin ] --START--
INFO: Run Behavior\ReadHtmlCacheBehavior [ RunTime:0.000000s ]
INFO: [ app_begin ] --END-- [ RunTime:0.000000s ]
INFO: [ view_parse ] --START--
INFO: [ template_filter ] --START--
INFO: Run Behavior\ContentReplaceBehavior [ RunTime:0.015600s ]
INFO: [ template_filter ] --END-- [ RunTime:0.015600s ]
INFO: Run Behavior\ParseTemplateBehavior [ RunTime:0.015600s ]
INFO: [ view_parse ] --END-- [ RunTime:0.015600s ]
INFO: [ view_filter ] --START--
INFO: Run Behavior\WriteHtmlCacheBehavior [ RunTime:0.000000s ]
INFO: [ view_filter ] --END-- [ RunTime:0.000000s ]
INFO: [ app_end ] --START--
INFO: Run Behavior\ShowPageTraceBehavior [ RunTime:0.000000s ]
INFO: [ app_end ] --END-- [ RunTime:0.000000s ]

[ 2015-05-11T14:16:10+08:00 ] 127.0.0.1 /maka/index.php/home/index
INFO: [ app_init ] --START--
INFO: Run Behavior\BuildLiteBehavior [ RunTime:0.000000s ]
INFO: [ app_init ] --END-- [ RunTime:0.000000s ]
INFO: [ app_begin ] --START--
INFO: Run Behavior\ReadHtmlCacheBehavior [ RunTime:0.000000s ]
INFO: [ app_begin ] --END-- [ RunTime:0.000000s ]
INFO: [ view_parse ] --START--
INFO: [ template_filter ] --START--
INFO: Run Behavior\ContentReplaceBehavior [ RunTime:0.000000s ]
INFO: [ template_filter ] --END-- [ RunTime:0.000000s ]
INFO: Run Behavior\ParseTemplateBehavior [ RunTime:0.000000s ]
INFO: [ view_parse ] --END-- [ RunTime:0.000000s ]
INFO: [ view_filter ] --START--
INFO: Run Behavior\WriteHtmlCacheBehavior [ RunTime:0.015600s ]
INFO: [ view_filter ] --END-- [ RunTime:0.015600s ]
INFO: [ app_end ] --START--
INFO: Run Behavior\ShowPageTraceBehavior [ RunTime:0.000000s ]
INFO: [ app_end ] --END-- [ RunTime:0.000000s ]

[ 2015-05-11T14:34:16+08:00 ] 127.0.0.1 /maka/index.php/home/index
INFO: [ app_init ] --START--
INFO: Run Behavior\BuildLiteBehavior [ RunTime:0.000000s ]
INFO: [ app_init ] --END-- [ RunTime:0.000000s ]
INFO: [ app_begin ] --START--
INFO: Run Behavior\ReadHtmlCacheBehavior [ RunTime:0.000000s ]
INFO: [ app_begin ] --END-- [ RunTime:0.000000s ]
ERR: 无法加载数据库驱动: Think\Db\Driver\

[ 2015-05-11T15:08:00+08:00 ] 127.0.0.1 /maka/index.php/admin99/
ERR: 无法加载控制器:Admin99

[ 2015-05-11T15:08:08+08:00 ] 127.0.0.1 /maka/index.php/admin99/index
ERR: 无法加载控制器:Admin99

[ 2015-05-11T15:08:14+08:00 ] 127.0.0.1 /maka/index.php/admin99/user
ERR: 无法加载控制器:Admin99

[ 2015-05-11T15:08:21+08:00 ] 127.0.0.1 /maka/index.php/Admin99/User/loginIndex.html
ERR: 无法加载控制器:Admin99

[ 2015-05-11T15:09:05+08:00 ] 127.0.0.1 /maka/index.php/Admin99/User/loginIndex.html
ERR: 无法加载控制器:Admin99

[ 2015-05-11T15:09:06+08:00 ] 127.0.0.1 /maka/index.php/Admin99/User/loginIndex.html
ERR: 无法加载控制器:Admin99

[ 2015-05-11T15:09:06+08:00 ] 127.0.0.1 /maka/index.php/Admin99/User/loginIndex.html
ERR: 无法加载控制器:Admin99

[ 2015-05-11T15:09:06+08:00 ] 127.0.0.1 /maka/index.php/Admin99/User/loginIndex.html
ERR: 无法加载控制器:Admin99

[ 2015-05-11T15:09:06+08:00 ] 127.0.0.1 /maka/index.php/Admin99/User/loginIndex.html
ERR: 无法加载控制器:Admin99

[ 2015-05-11T15:09:06+08:00 ] 127.0.0.1 /maka/index.php/Admin99/User/loginIndex.html
ERR: 无法加载控制器:Admin99

[ 2015-05-11T15:09:06+08:00 ] 127.0.0.1 /maka/index.php/Admin99/User/loginIndex.html
ERR: 无法加载控制器:Admin99

[ 2015-05-11T15:09:06+08:00 ] 127.0.0.1 /maka/index.php/Admin99/User/loginIndex.html
ERR: 无法加载控制器:Admin99

[ 2015-05-11T15:09:07+08:00 ] 127.0.0.1 /maka/index.php/Admin99/User/loginIndex.html
ERR: 无法加载控制器:Admin99

[ 2015-05-11T15:09:07+08:00 ] 127.0.0.1 /maka/index.php/Admin99/User/loginIndex.html
ERR: 无法加载控制器:Admin99

[ 2015-05-11T15:09:35+08:00 ] 127.0.0.1 /maka/index.php/Admin99/User/loginIndex.html
ERR: 无法加载控制器:Admin99

[ 2015-05-11T15:09:36+08:00 ] 127.0.0.1 /maka/index.php/Admin99/User/loginIndex.html
ERR: 无法加载控制器:Admin99

[ 2015-05-11T15:09:36+08:00 ] 127.0.0.1 /maka/index.php/Admin99/User/loginIndex.html
ERR: 无法加载控制器:Admin99

[ 2015-05-11T15:09:36+08:00 ] 127.0.0.1 /maka/index.php/Admin99/User/loginIndex.html
ERR: 无法加载控制器:Admin99

[ 2015-05-11T15:09:36+08:00 ] 127.0.0.1 /maka/index.php/Admin99/User/loginIndex.html
ERR: 无法加载控制器:Admin99

[ 2015-05-11T15:09:37+08:00 ] 127.0.0.1 /maka/index.php/Admin99/User/loginIndex.html
ERR: 无法加载控制器:Admin99

[ 2015-05-11T15:10:13+08:00 ] 127.0.0.1 /maka/index.php/Admin99/User/loginIndex.html
ERR: 无法加载控制器:Admin99

[ 2015-05-11T15:10:14+08:00 ] 127.0.0.1 /maka/index.php/Admin99/User/loginIndex.html
ERR: 无法加载控制器:Admin99

[ 2015-05-11T15:10:14+08:00 ] 127.0.0.1 /maka/index.php/Admin99/User/loginIndex.html
ERR: 无法加载控制器:Admin99

[ 2015-05-11T15:10:14+08:00 ] 127.0.0.1 /maka/index.php/Admin99/User/loginIndex.html
ERR: 无法加载控制器:Admin99

[ 2015-05-11T15:10:14+08:00 ] 127.0.0.1 /maka/index.php/Admin99/User/loginIndex.html
ERR: 无法加载控制器:Admin99

[ 2015-05-11T15:10:15+08:00 ] 127.0.0.1 /maka/index.php/Admin99/User/loginIndex.html
ERR: 无法加载控制器:Admin99

[ 2015-05-11T15:10:15+08:00 ] 127.0.0.1 /maka/index.php/Admin99/User/loginIndex.html
ERR: 无法加载控制器:Admin99

[ 2015-05-11T15:10:15+08:00 ] 127.0.0.1 /maka/index.php/Admin99/User/loginIndex.html
ERR: 无法加载控制器:Admin99

[ 2015-05-11T15:10:15+08:00 ] 127.0.0.1 /maka/index.php/Admin99/User/loginIndex.html
ERR: 无法加载控制器:Admin99

[ 2015-05-11T15:10:50+08:00 ] 127.0.0.1 /maka/index.php/Admin99/User/loginIndex.html
ERR: 无法加载控制器:Admin99

[ 2015-05-11T15:10:51+08:00 ] 127.0.0.1 /maka/index.php/Admin99/User/loginIndex.html
ERR: 无法加载控制器:Admin99

[ 2015-05-11T15:10:52+08:00 ] 127.0.0.1 /maka/index.php/Admin99/User/loginIndex.html
ERR: 无法加载控制器:Admin99

[ 2015-05-11T15:10:52+08:00 ] 127.0.0.1 /maka/index.php/Admin99/User/loginIndex.html
ERR: 无法加载控制器:Admin99

[ 2015-05-11T15:10:52+08:00 ] 127.0.0.1 /maka/index.php/Admin99/User/loginIndex.html
ERR: 无法加载控制器:Admin99

[ 2015-05-11T15:10:52+08:00 ] 127.0.0.1 /maka/index.php/Admin99/User/loginIndex.html
ERR: 无法加载控制器:Admin99

[ 2015-05-11T15:10:52+08:00 ] 127.0.0.1 /maka/index.php/Admin99/User/loginIndex.html
ERR: 无法加载控制器:Admin99

[ 2015-05-11T15:10:52+08:00 ] 127.0.0.1 /maka/index.php/Admin99/User/loginIndex.html
ERR: 无法加载控制器:Admin99

[ 2015-05-11T15:10:53+08:00 ] 127.0.0.1 /maka/index.php/Admin99/User/loginIndex.html
ERR: 无法加载控制器:Admin99

[ 2015-05-11T15:10:53+08:00 ] 127.0.0.1 /maka/index.php/Admin99/User/loginIndex.html
ERR: 无法加载控制器:Admin99

[ 2015-05-11T15:10:53+08:00 ] 127.0.0.1 /maka/index.php/Admin99/User/loginIndex.html
ERR: 无法加载控制器:Admin99

[ 2015-05-11T15:10:53+08:00 ] 127.0.0.1 /maka/index.php/Admin99/User/loginIndex.html
ERR: 无法加载控制器:Admin99

[ 2015-05-11T15:10:53+08:00 ] 127.0.0.1 /maka/index.php/Admin99/User/loginIndex.html
ERR: 无法加载控制器:Admin99

[ 2015-05-11T15:10:54+08:00 ] 127.0.0.1 /maka/index.php/Admin99/User/loginIndex.html
ERR: 无法加载控制器:Admin99

[ 2015-05-11T15:10:54+08:00 ] 127.0.0.1 /maka/index.php/Admin99/User/loginIndex.html
ERR: 无法加载控制器:Admin99

[ 2015-05-11T15:10:54+08:00 ] 127.0.0.1 /maka/index.php/Admin99/User/loginIndex.html
ERR: 无法加载控制器:Admin99

[ 2015-05-11T15:10:54+08:00 ] 127.0.0.1 /maka/index.php/Admin99/User/loginIndex.html
ERR: 无法加载控制器:Admin99

[ 2015-05-11T15:10:55+08:00 ] 127.0.0.1 /maka/index.php/Admin99/User/loginIndex.html
ERR: 无法加载控制器:Admin99

[ 2015-05-11T15:10:55+08:00 ] 127.0.0.1 /maka/index.php/Admin99/User/loginIndex.html
ERR: 无法加载控制器:Admin99

[ 2015-05-11T15:11:08+08:00 ] 127.0.0.1 /maka/index.php/admin99/
ERR: 无法加载控制器:Admin99

[ 2015-05-11T15:11:26+08:00 ] 127.0.0.1 /maka/index.php/admin99/
ERR: 无法加载控制器:Admin99

[ 2015-05-11T15:11:26+08:00 ] 127.0.0.1 /maka/index.php/admin99/
ERR: 无法加载控制器:Admin99

[ 2015-05-11T15:11:27+08:00 ] 127.0.0.1 /maka/index.php/admin99/
ERR: 无法加载控制器:Admin99

[ 2015-05-11T15:11:27+08:00 ] 127.0.0.1 /maka/index.php/admin99/
ERR: 无法加载控制器:Admin99

[ 2015-05-11T15:11:27+08:00 ] 127.0.0.1 /maka/index.php/admin99/
ERR: 无法加载控制器:Admin99

[ 2015-05-11T15:11:27+08:00 ] 127.0.0.1 /maka/index.php/admin99/
ERR: 无法加载控制器:Admin99

[ 2015-05-11T15:11:27+08:00 ] 127.0.0.1 /maka/index.php/admin99/
ERR: 无法加载控制器:Admin99

[ 2015-05-11T15:11:27+08:00 ] 127.0.0.1 /maka/index.php/admin99/
ERR: 无法加载控制器:Admin99

[ 2015-05-11T15:11:28+08:00 ] 127.0.0.1 /maka/index.php/admin99/
ERR: 无法加载控制器:Admin99

[ 2015-05-11T15:11:28+08:00 ] 127.0.0.1 /maka/index.php/admin99/
ERR: 无法加载控制器:Admin99

[ 2015-05-11T15:11:28+08:00 ] 127.0.0.1 /maka/index.php/admin99/
ERR: 无法加载控制器:Admin99

[ 2015-05-11T15:11:33+08:00 ] 127.0.0.1 /maka/index.php/admin99/
ERR: 无法加载控制器:Admin99

[ 2015-05-11T15:11:34+08:00 ] 127.0.0.1 /maka/index.php/admin99/
ERR: 无法加载控制器:Admin99

[ 2015-05-11T15:11:34+08:00 ] 127.0.0.1 /maka/index.php/admin99/
ERR: 无法加载控制器:Admin99

[ 2015-05-11T15:11:34+08:00 ] 127.0.0.1 /maka/index.php/admin99/
ERR: 无法加载控制器:Admin99

[ 2015-05-11T15:11:34+08:00 ] 127.0.0.1 /maka/index.php/admin99/
ERR: 无法加载控制器:Admin99

[ 2015-05-11T15:11:34+08:00 ] 127.0.0.1 /maka/index.php/admin99/
ERR: 无法加载控制器:Admin99

[ 2015-05-11T16:27:11+08:00 ] 127.0.0.1 /maka/index.php/CommonVerify/getVerifyCode
ERR: 无法加载控制器:CommonVerify

[ 2015-05-11T16:27:12+08:00 ] 127.0.0.1 /maka/index.php/CommonVerify/getVerifyCode
ERR: 无法加载控制器:CommonVerify

[ 2015-05-11T16:27:12+08:00 ] 127.0.0.1 /maka/index.php/CommonVerify/getVerifyCode
ERR: 无法加载控制器:CommonVerify

[ 2015-05-11T16:27:12+08:00 ] 127.0.0.1 /maka/index.php/CommonVerify/getVerifyCode
ERR: 无法加载控制器:CommonVerify

[ 2015-05-11T16:27:13+08:00 ] 127.0.0.1 /maka/index.php/CommonVerify/getVerifyCode
ERR: 无法加载控制器:CommonVerify

[ 2015-05-11T16:27:19+08:00 ] 127.0.0.1 /maka/index.php/CommonVerify/getVerifyCode
ERR: 无法加载控制器:CommonVerify

[ 2015-05-11T16:41:57+08:00 ] 127.0.0.1 /maka/index.php/Home/Verify/getVerifyCode
ERR: 无法加载控制器:Verify

[ 2015-05-11T16:42:01+08:00 ] 127.0.0.1 /maka/index.php/Home/Verify/getVerifyCode
ERR: 无法加载控制器:Verify

[ 2015-05-11T16:42:01+08:00 ] 127.0.0.1 /maka/index.php/Home/Verify/getVerifyCode
ERR: 无法加载控制器:Verify

[ 2015-05-11T16:42:11+08:00 ] 127.0.0.1 /maka/index.php/Home/Verify/getVerifyCode
ERR: 无法加载控制器:Verify

[ 2015-05-11T16:43:04+08:00 ] 127.0.0.1 /maka/index.php/Home/Verify/getVerifyCode
ERR: 无法加载控制器:Verify

[ 2015-05-11T16:43:06+08:00 ] 127.0.0.1 /maka/index.php/Home/Verify/getVerifyCode
ERR: 无法加载控制器:Verify

[ 2015-05-11T16:43:06+08:00 ] 127.0.0.1 /maka/index.php/Home/Verify/getVerifyCode
ERR: 无法加载控制器:Verify

[ 2015-05-11T16:43:13+08:00 ] 127.0.0.1 /maka/index.php/Home/Verify/getVerifyCode
ERR: 无法加载控制器:Verify

[ 2015-05-11T16:44:17+08:00 ] 127.0.0.1 /maka/index.php/Home/Verify/getVerifyCode
ERR: 无法加载控制器:Verify

[ 2015-05-11T16:44:48+08:00 ] 127.0.0.1 /maka/index.php/home/Verify/getVerifyCode
ERR: 无法加载控制器:Verify

[ 2015-05-11T16:44:50+08:00 ] 127.0.0.1 /maka/index.php/home/Verify/getVerifyCode
ERR: 无法加载控制器:Verify

[ 2015-05-11T16:45:04+08:00 ] 127.0.0.1 /maka/index.php/Home/Index/Verify/getVerifyCode
ERR: 非法操作:Verify

[ 2015-05-11T16:45:04+08:00 ] 127.0.0.1 /maka/index.php/Home/Index/Verify/getVerifyCode
ERR: 非法操作:Verify

[ 2015-05-11T16:45:08+08:00 ] 127.0.0.1 /maka/index.php/Home/Index/Verify/getVerifyCode
ERR: 非法操作:Verify

[ 2015-05-11T16:45:25+08:00 ] 127.0.0.1 /maka/index.php/Verify/getVerifyCode
ERR: 无法加载控制器:Verify

[ 2015-05-11T16:45:30+08:00 ] 127.0.0.1 /maka/index.php/Verify/getVerifyCode
ERR: 无法加载控制器:Verify

[ 2015-05-11T17:06:57+08:00 ] 127.0.0.1 /maka/index.php/Home/SubOrder/submit
ERR: SQLSTATE[42S02]: Base table or view not found: 1146 La table 'maka.tp_verify' n'existe pas

[ 2015-05-11T17:07:16+08:00 ] 127.0.0.1 /maka/index.php/Home/SubOrder/index
ERR: 非法操作:index

[ 2015-05-11T17:07:47+08:00 ] 127.0.0.1 /maka/index.php/Home/SubOrder/Index/Index
ERR: 非法操作:Index

[ 2015-05-11T17:44:54+08:00 ] 127.0.0.1 /maka/index.php/Home/images/js/city.min.js
INFO: [ app_begin ] --START--
INFO: Run Behavior\ReadHtmlCacheBehavior [ RunTime:0.001000s ]
INFO: [ app_begin ] --END-- [ RunTime:0.001000s ]
ERR: 无法加载控制器:Images

[ 2015-05-11T17:44:56+08:00 ] 127.0.0.1 /maka/index.php/Home/images/js/city.min.js
INFO: [ app_begin ] --START--
INFO: Run Behavior\ReadHtmlCacheBehavior [ RunTime:0.001000s ]
INFO: [ app_begin ] --END-- [ RunTime:0.001000s ]
ERR: 无法加载控制器:Images

[ 2015-05-11T17:45:15+08:00 ] 127.0.0.1 /maka/index.php/Home/images/js/city.min.js
INFO: [ app_begin ] --START--
INFO: Run Behavior\ReadHtmlCacheBehavior [ RunTime:0.001000s ]
INFO: [ app_begin ] --END-- [ RunTime:0.002000s ]
ERR: 无法加载控制器:Images

[ 2015-05-11T17:54:21+08:00 ] 127.0.0.1 /maka/index.php/Index/images/js/city.min.js
INFO: [ app_begin ] --START--
INFO: Run Behavior\ReadHtmlCacheBehavior [ RunTime:0.000000s ]
INFO: [ app_begin ] --END-- [ RunTime:0.002000s ]
ERR: 非法操作:images

[ 2015-05-11T17:56:00+08:00 ] 127.0.0.1 /maka/index.php/Index/images/js/city.min.js
INFO: [ app_begin ] --START--
INFO: Run Behavior\ReadHtmlCacheBehavior [ RunTime:0.001000s ]
INFO: [ app_begin ] --END-- [ RunTime:0.002000s ]
ERR: 非法操作:images

[ 2015-05-11T17:59:17+08:00 ] 127.0.0.1 /maka/index.php/Index/images/js/city.min.js
INFO: [ app_begin ] --START--
INFO: Run Behavior\ReadHtmlCacheBehavior [ RunTime:0.001000s ]
INFO: [ app_begin ] --END-- [ RunTime:0.001000s ]
ERR: 非法操作:images

[ 2015-05-11T18:01:26+08:00 ] 127.0.0.1 /maka/index.php/Index/images/js/city.min.js
INFO: [ app_begin ] --START--
INFO: Run Behavior\ReadHtmlCacheBehavior [ RunTime:0.000000s ]
INFO: [ app_begin ] --END-- [ RunTime:0.015600s ]
ERR: 非法操作:images

[ 2015-05-11T18:04:04+08:00 ] 127.0.0.1 /maka/index.php/Index/images/js/city.min.js
INFO: [ app_begin ] --START--
INFO: Run Behavior\ReadHtmlCacheBehavior [ RunTime:0.000000s ]
INFO: [ app_begin ] --END-- [ RunTime:0.000000s ]
ERR: 非法操作:images

[ 2015-05-11T18:04:22+08:00 ] 127.0.0.1 /maka/index.php/Index/images/js/city.min.js
INFO: [ app_begin ] --START--
INFO: Run Behavior\ReadHtmlCacheBehavior [ RunTime:0.000000s ]
INFO: [ app_begin ] --END-- [ RunTime:0.000000s ]
ERR: 非法操作:images

[ 2015-05-11T18:05:34+08:00 ] 127.0.0.1 /maka/index.php/Index/images/js/city.min.js
INFO: [ app_begin ] --START--
INFO: Run Behavior\ReadHtmlCacheBehavior [ RunTime:0.000000s ]
INFO: [ app_begin ] --END-- [ RunTime:0.000000s ]
ERR: 非法操作:images

[ 2015-05-11T18:06:15+08:00 ] 127.0.0.1 /maka/index.php/Home/SubOrder/6
ERR: 非法操作:6

[ 2015-05-11T18:07:45+08:00 ] 127.0.0.1 /maka/index.php/Index/images/js/city.min.js
INFO: [ app_begin ] --START--
INFO: Run Behavior\ReadHtmlCacheBehavior [ RunTime:0.000000s ]
INFO: [ app_begin ] --END-- [ RunTime:0.000000s ]
ERR: 非法操作:images

[ 2015-05-11T18:07:57+08:00 ] 127.0.0.1 /maka/index.php/Index/images/js/city.min.js
INFO: [ app_begin ] --START--
INFO: Run Behavior\ReadHtmlCacheBehavior [ RunTime:0.000000s ]
INFO: [ app_begin ] --END-- [ RunTime:0.000000s ]
ERR: 非法操作:images

[ 2015-05-11T18:08:18+08:00 ] 127.0.0.1 /maka/index.php/Index/images/js/city.min.js
INFO: [ app_begin ] --START--
INFO: Run Behavior\ReadHtmlCacheBehavior [ RunTime:0.000000s ]
INFO: [ app_begin ] --END-- [ RunTime:0.000000s ]
ERR: 非法操作:images

