[ 2015-05-15T11:24:30+08:00 ] 127.0.0.1 /maka/index.php/Admin99/
ERR: 非法操作:index

[ 2015-05-15T12:05:22+08:00 ] 127.0.0.1 /maka/index.php/Admin99/Order/sent?orderid=2649acdedd9e&expressName=%E5%91%B5%E5%91%B5&expressNum=1123
INFO: [ app_begin ] --START--
INFO: Run Behavior\ReadHtmlCacheBehavior [ RunTime:0.001000s ]
INFO: [ app_begin ] --END-- [ RunTime:0.002000s ]
SQL: SHOW COLUMNS FROM `tp_order` [ RunTime:0.0040s ]
SQL: UPDATE `tp_order` SET `expressname`='呵呵',`expressnum`='1123',`status`='1',`senttime`='1431662722' WHERE ( orderid = '2649acdedd9e' ) [ RunTime:0.0000s ]
INFO: [ app_end ] --START--
INFO: Run Behavior\ShowPageTraceBehavior [ RunTime:0.001000s ]
INFO: [ app_end ] --END-- [ RunTime:0.001000s ]

[ 2015-05-15T12:05:52+08:00 ] 127.0.0.1 /maka/index.php/Admin99/Order/sent?orderid=saf321&expressName=%E9%A1%BA%E4%B8%B0&expressNum=1123
INFO: [ app_begin ] --START--
INFO: Run Behavior\ReadHtmlCacheBehavior [ RunTime:0.002000s ]
INFO: [ app_begin ] --END-- [ RunTime:0.002000s ]
SQL: SHOW COLUMNS FROM `tp_order` [ RunTime:0.0040s ]
SQL: UPDATE `tp_order` SET `expressname`='顺丰',`expressnum`='1123',`status`='2',`senttime`='1431662752' WHERE ( orderid = 'saf321' ) [ RunTime:0.0000s ]
INFO: [ app_end ] --START--
INFO: Run Behavior\ShowPageTraceBehavior [ RunTime:0.000000s ]
INFO: [ app_end ] --END-- [ RunTime:0.001000s ]

[ 2015-05-15T12:06:28+08:00 ] 127.0.0.1 /maka/index.php/Admin99/Order/Delete?orderid=fas
INFO: [ app_begin ] --START--
INFO: Run Behavior\ReadHtmlCacheBehavior [ RunTime:0.001000s ]
INFO: [ app_begin ] --END-- [ RunTime:0.001000s ]
SQL: SHOW COLUMNS FROM `tp_order` [ RunTime:0.0050s ]
SQL: DELETE FROM `tp_order` WHERE ( orderid = 'fas' ) [ RunTime:0.0000s ]
INFO: [ app_end ] --START--
INFO: Run Behavior\ShowPageTraceBehavior [ RunTime:0.000000s ]
INFO: [ app_end ] --END-- [ RunTime:0.001000s ]

