[ 2015-05-22T10:09:41+08:00 ] 127.0.0.1 /web/index.php/Admin99/User/System/Ejiao
ERR: 非法操作:System

[ 2015-05-22T10:10:58+08:00 ] 127.0.0.1 /web/index.php/Admin99/User/System/Ejiao
ERR: 非法操作:System

[ 2015-05-22T10:10:59+08:00 ] 127.0.0.1 /web/index.php/Admin99/User/System/Ejiao
ERR: 非法操作:System

[ 2015-05-22T11:30:58+08:00 ] 127.0.0.1 /web/index.php/Admin99/User/index/System/Ejiao
ERR: 无法加载数据库驱动: Think\Db\Driver\

[ 2015-05-22T11:31:16+08:00 ] 127.0.0.1 /web/index.php/Admin99/User/index/System/Ejiao
ERR: 无法加载数据库驱动: Think\Db\Driver\

[ 2015-05-22T11:45:34+08:00 ] 127.0.0.1 /web/index.php/Admin99/Order/content.html
ERR: 非法操作:content

[ 2015-05-22T11:46:36+08:00 ] 127.0.0.1 /web/index.php/Admin99/Order/content.html
ERR: 非法操作:content

[ 2015-05-22T11:47:06+08:00 ] 127.0.0.1 /web/index.php/Admin99/Product/content.html
ERR: 非法操作:content

[ 2015-05-22T11:57:22+08:00 ] 127.0.0.1 /web/index.php/Admin99/User/System/Maka
ERR: 非法操作:System

[ 2015-05-22T11:57:25+08:00 ] 127.0.0.1 /web/index.php/Admin99/User/System/Ejiao
ERR: 非法操作:System

[ 2015-05-22T12:02:38+08:00 ] 127.0.0.1 /web/index.php/Admin99/User/System/Ejiao
ERR: 非法操作:System

[ 2015-05-22T14:49:39+08:00 ] 127.0.0.1 /web/index.php/Admin99/User/System/Maka
ERR: 非法操作:System

[ 2015-05-22T14:49:52+08:00 ] 127.0.0.1 /web/index.php/Admin99/User/System/Maka
ERR: 非法操作:System

[ 2015-05-22T14:50:52+08:00 ] 127.0.0.1 /web/index.php/Admin99/User/System/Maka
ERR: 非法操作:System

[ 2015-05-22T15:23:01+08:00 ] 127.0.0.1 /web/index.php/Admin99/Order/Confirm/System/Maka/orderid=9f7ff1ee2066
INFO: [ app_begin ] --START--
INFO: Run Behavior\ReadHtmlCacheBehavior [ RunTime:0.000000s ]
INFO: [ app_begin ] --END-- [ RunTime:0.001000s ]
SQL: SHOW COLUMNS FROM `tp_order` [ RunTime:0.0040s ]
SQL: UPDATE `tp_order` SET `status`='1',`operator`='admin99' WHERE ( orderid = '' ) [ RunTime:0.0010s ]
INFO: [ app_end ] --START--
INFO: Run Behavior\ShowPageTraceBehavior [ RunTime:0.001000s ]
INFO: [ app_end ] --END-- [ RunTime:0.001000s ]

[ 2015-05-22T15:24:59+08:00 ] 127.0.0.1 /web/index.php/Admin99/Order/Confirm/System/Maka/orderid=9f7ff1ee2066
INFO: [ app_begin ] --START--
INFO: Run Behavior\ReadHtmlCacheBehavior [ RunTime:0.000000s ]
INFO: [ app_begin ] --END-- [ RunTime:0.002000s ]
SQL: SHOW COLUMNS FROM `tp_order` [ RunTime:0.0040s ]
SQL: UPDATE `tp_order` SET `status`='1',`operator`='admin99' WHERE ( orderid = '' ) [ RunTime:0.0000s ]
INFO: [ app_end ] --START--
INFO: Run Behavior\ShowPageTraceBehavior [ RunTime:0.001000s ]
INFO: [ app_end ] --END-- [ RunTime:0.001000s ]

[ 2015-05-22T15:25:02+08:00 ] 127.0.0.1 /web/index.php/Admin99/Order/Confirm/System/Maka/orderid=9f7ff1ee2066
INFO: [ app_begin ] --START--
INFO: Run Behavior\ReadHtmlCacheBehavior [ RunTime:0.001000s ]
INFO: [ app_begin ] --END-- [ RunTime:0.003000s ]
SQL: SHOW COLUMNS FROM `tp_order` [ RunTime:0.0030s ]
SQL: UPDATE `tp_order` SET `status`='1',`operator`='admin99' WHERE ( orderid = '' ) [ RunTime:0.0010s ]
INFO: [ app_end ] --START--
INFO: Run Behavior\ShowPageTraceBehavior [ RunTime:0.001000s ]
INFO: [ app_end ] --END-- [ RunTime:0.001000s ]

[ 2015-05-22T15:25:59+08:00 ] 127.0.0.1 /web/index.php/Admin99/Order/Confirm/System/Maka/orderid=9f7ff1ee2066
INFO: [ app_begin ] --START--
INFO: Run Behavior\ReadHtmlCacheBehavior [ RunTime:0.000000s ]
INFO: [ app_begin ] --END-- [ RunTime:0.001000s ]
SQL: SHOW COLUMNS FROM `tp_order` [ RunTime:0.0040s ]
SQL: UPDATE `tp_order` SET `status`='1',`operator`='admin99' WHERE ( orderid = '' ) [ RunTime:0.0000s ]
INFO: [ app_end ] --START--
INFO: Run Behavior\ShowPageTraceBehavior [ RunTime:0.001000s ]
INFO: [ app_end ] --END-- [ RunTime:0.001000s ]

[ 2015-05-22T15:26:07+08:00 ] 127.0.0.1 /web/index.php/Admin99/Order/Confirm/System/Ejiao/orderid=
INFO: [ app_begin ] --START--
INFO: Run Behavior\ReadHtmlCacheBehavior [ RunTime:0.001000s ]
INFO: [ app_begin ] --END-- [ RunTime:0.001000s ]
SQL: SHOW COLUMNS FROM `tp_order` [ RunTime:0.0030s ]
SQL: UPDATE `tp_order` SET `status`='1',`operator`='admin99' WHERE ( orderid = '' ) [ RunTime:0.0160s ]
INFO: [ app_end ] --START--
INFO: Run Behavior\ShowPageTraceBehavior [ RunTime:0.001001s ]
INFO: [ app_end ] --END-- [ RunTime:0.001001s ]

[ 2015-05-22T15:26:38+08:00 ] 127.0.0.1 /web/index.php/Admin99/Order/Confirm/System/Ejiao/orderid=
INFO: [ app_begin ] --START--
INFO: Run Behavior\ReadHtmlCacheBehavior [ RunTime:0.001000s ]
INFO: [ app_begin ] --END-- [ RunTime:0.001000s ]
SQL: SHOW COLUMNS FROM `tp_order` [ RunTime:0.0030s ]
SQL: UPDATE `tp_order` SET `status`='1',`operator`='admin99' WHERE ( orderid = '' ) [ RunTime:0.0000s ]
INFO: [ app_end ] --START--
INFO: Run Behavior\ShowPageTraceBehavior [ RunTime:0.001000s ]
INFO: [ app_end ] --END-- [ RunTime:0.001000s ]

[ 2015-05-22T15:26:43+08:00 ] 127.0.0.1 /web/index.php/Admin99/Order/Confirm/System/Ejiao/orderid=967b8cefa419
INFO: [ app_begin ] --START--
INFO: Run Behavior\ReadHtmlCacheBehavior [ RunTime:0.001000s ]
INFO: [ app_begin ] --END-- [ RunTime:0.001000s ]
SQL: SHOW COLUMNS FROM `tp_order` [ RunTime:0.0740s ]
SQL: UPDATE `tp_order` SET `status`='1',`operator`='admin99' WHERE ( orderid = '' ) [ RunTime:0.0000s ]
INFO: [ app_end ] --START--
INFO: Run Behavior\ShowPageTraceBehavior [ RunTime:0.001000s ]
INFO: [ app_end ] --END-- [ RunTime:0.001000s ]

[ 2015-05-22T15:28:14+08:00 ] 127.0.0.1 /web/index.php/Admin99/Order/Confirm/System/Ejiao/orderid=967b8cefa419
INFO: [ app_begin ] --START--
INFO: Run Behavior\ReadHtmlCacheBehavior [ RunTime:0.001001s ]
INFO: [ app_begin ] --END-- [ RunTime:0.001001s ]
SQL: SHOW COLUMNS FROM `tp_order` [ RunTime:0.0040s ]
SQL: UPDATE `tp_order` SET `status`='1',`operator`='admin99' WHERE ( orderid = '' ) [ RunTime:0.0010s ]
INFO: [ app_end ] --START--
INFO: Run Behavior\ShowPageTraceBehavior [ RunTime:0.001001s ]
INFO: [ app_end ] --END-- [ RunTime:0.001001s ]

[ 2015-05-22T15:29:56+08:00 ] 127.0.0.1 /web/index.php/Admin99/Order/Confirm/System/Ejiao/orderid=967b8cefa419
INFO: [ app_begin ] --START--
INFO: Run Behavior\ReadHtmlCacheBehavior [ RunTime:0.000000s ]
INFO: [ app_begin ] --END-- [ RunTime:0.001000s ]
SQL: SHOW COLUMNS FROM `tp_order` [ RunTime:0.0030s ]
SQL: UPDATE `tp_order` SET `status`='1',`operator`='admin99' WHERE ( orderid = '' ) [ RunTime:0.0010s ]
INFO: [ app_end ] --START--
INFO: Run Behavior\ShowPageTraceBehavior [ RunTime:0.001000s ]
INFO: [ app_end ] --END-- [ RunTime:0.001000s ]

[ 2015-05-22T15:30:11+08:00 ] 127.0.0.1 /web/index.php/Admin99/Order/Confirm/System/Ejiao/orderid=
INFO: [ app_begin ] --START--
INFO: Run Behavior\ReadHtmlCacheBehavior [ RunTime:0.001000s ]
INFO: [ app_begin ] --END-- [ RunTime:0.001000s ]
SQL: SHOW COLUMNS FROM `tp_order` [ RunTime:0.0040s ]
SQL: UPDATE `tp_order` SET `status`='1',`operator`='admin99' WHERE ( orderid = '' ) [ RunTime:0.0000s ]
INFO: [ app_end ] --START--
INFO: Run Behavior\ShowPageTraceBehavior [ RunTime:0.001000s ]
INFO: [ app_end ] --END-- [ RunTime:0.001000s ]

[ 2015-05-22T15:32:34+08:00 ] 127.0.0.1 /web/index.php/Admin99/Order/Confirm/System/Ejiao/orderid=
INFO: [ app_begin ] --START--
INFO: Run Behavior\ReadHtmlCacheBehavior [ RunTime:0.001000s ]
INFO: [ app_begin ] --END-- [ RunTime:0.001000s ]
SQL: SHOW COLUMNS FROM `tp_order` [ RunTime:0.0050s ]
SQL: UPDATE `tp_order` SET `status`='1',`operator`='admin99' WHERE ( orderid = '' ) [ RunTime:0.0000s ]
INFO: [ app_end ] --START--
INFO: Run Behavior\ShowPageTraceBehavior [ RunTime:0.001000s ]
INFO: [ app_end ] --END-- [ RunTime:0.001000s ]

[ 2015-05-22T15:32:40+08:00 ] 127.0.0.1 /web/index.php/Admin99/Order/Confirm/System/Ejiao/orderid=
INFO: [ app_begin ] --START--
INFO: Run Behavior\ReadHtmlCacheBehavior [ RunTime:0.000000s ]
INFO: [ app_begin ] --END-- [ RunTime:0.001000s ]
SQL: SHOW COLUMNS FROM `tp_order` [ RunTime:0.0030s ]
SQL: UPDATE `tp_order` SET `status`='1',`operator`='admin99' WHERE ( orderid = '' ) [ RunTime:0.0010s ]
INFO: [ app_end ] --START--
INFO: Run Behavior\ShowPageTraceBehavior [ RunTime:0.001000s ]
INFO: [ app_end ] --END-- [ RunTime:0.001000s ]

[ 2015-05-22T15:32:47+08:00 ] 127.0.0.1 /web/index.php/Admin99/Order/Confirm/System/Ejiao/orderid=
INFO: [ app_begin ] --START--
INFO: Run Behavior\ReadHtmlCacheBehavior [ RunTime:0.001001s ]
INFO: [ app_begin ] --END-- [ RunTime:0.001001s ]
SQL: SHOW COLUMNS FROM `tp_order` [ RunTime:0.0040s ]
SQL: UPDATE `tp_order` SET `status`='1',`operator`='admin99' WHERE ( orderid = '' ) [ RunTime:0.0000s ]
INFO: [ app_end ] --START--
INFO: Run Behavior\ShowPageTraceBehavior [ RunTime:0.001000s ]
INFO: [ app_end ] --END-- [ RunTime:0.001000s ]

[ 2015-05-22T15:32:55+08:00 ] 127.0.0.1 /web/index.php/Admin99/Order/Confirm/System/Ejiao/orderid=
INFO: [ app_begin ] --START--
INFO: Run Behavior\ReadHtmlCacheBehavior [ RunTime:0.001000s ]
INFO: [ app_begin ] --END-- [ RunTime:0.001000s ]
SQL: SHOW COLUMNS FROM `tp_order` [ RunTime:0.0030s ]
SQL: UPDATE `tp_order` SET `status`='1',`operator`='admin99' WHERE ( orderid = '' ) [ RunTime:0.0010s ]
INFO: [ app_end ] --START--
INFO: Run Behavior\ShowPageTraceBehavior [ RunTime:0.002000s ]
INFO: [ app_end ] --END-- [ RunTime:0.002000s ]

[ 2015-05-22T15:33:20+08:00 ] 127.0.0.1 /web/index.php/Admin99/Order/Confirm/System/Ejiao/orderid=967b8cefa419
INFO: [ app_begin ] --START--
INFO: Run Behavior\ReadHtmlCacheBehavior [ RunTime:0.000000s ]
INFO: [ app_begin ] --END-- [ RunTime:0.001000s ]
SQL: SHOW COLUMNS FROM `tp_order` [ RunTime:0.0040s ]
SQL: UPDATE `tp_order` SET `status`='1',`operator`='admin99' WHERE ( orderid = '' ) [ RunTime:0.0010s ]
INFO: [ app_end ] --START--
INFO: Run Behavior\ShowPageTraceBehavior [ RunTime:0.001000s ]
INFO: [ app_end ] --END-- [ RunTime:0.001000s ]

[ 2015-05-22T15:34:09+08:00 ] 127.0.0.1 /web/index.php/Admin99/Order/Confirm/System/Ejiao/orderid=967b8cefa419
INFO: [ app_begin ] --START--
INFO: Run Behavior\ReadHtmlCacheBehavior [ RunTime:0.001000s ]
INFO: [ app_begin ] --END-- [ RunTime:0.001000s ]
SQL: SHOW COLUMNS FROM `tp_order` [ RunTime:0.0040s ]
SQL: UPDATE `tp_order` SET `status`='1',`operator`='admin99' WHERE ( orderid = '' ) [ RunTime:0.0010s ]
INFO: [ app_end ] --START--
INFO: Run Behavior\ShowPageTraceBehavior [ RunTime:0.001000s ]
INFO: [ app_end ] --END-- [ RunTime:0.001000s ]

[ 2015-05-22T15:34:42+08:00 ] 127.0.0.1 /web/index.php/Admin99/Order/Confirm/System/Ejiao/orderid=967b8cefa419
INFO: [ app_begin ] --START--
INFO: Run Behavior\ReadHtmlCacheBehavior [ RunTime:0.001000s ]
INFO: [ app_begin ] --END-- [ RunTime:0.001000s ]
SQL: SHOW COLUMNS FROM `tp_order` [ RunTime:0.0030s ]
SQL: UPDATE `tp_order` SET `status`='1',`operator`='admin99' WHERE ( orderid = '' ) [ RunTime:0.0010s ]
INFO: [ app_end ] --START--
INFO: Run Behavior\ShowPageTraceBehavior [ RunTime:0.000000s ]
INFO: [ app_end ] --END-- [ RunTime:0.001000s ]

[ 2015-05-22T15:36:56+08:00 ] 127.0.0.1 /web/index.php/Admin99/Order/Confirm/System/Ejiao/orderid=967b8cefa419
INFO: [ app_begin ] --START--
INFO: Run Behavior\ReadHtmlCacheBehavior [ RunTime:0.001000s ]
INFO: [ app_begin ] --END-- [ RunTime:0.001000s ]
SQL: SHOW COLUMNS FROM `tp_order` [ RunTime:0.0030s ]
SQL: UPDATE `tp_order` SET `status`='1',`operator`='admin99' WHERE ( orderid = '' ) [ RunTime:0.0000s ]
INFO: [ app_end ] --START--
INFO: Run Behavior\ShowPageTraceBehavior [ RunTime:0.001000s ]
INFO: [ app_end ] --END-- [ RunTime:0.001000s ]

[ 2015-05-22T15:37:14+08:00 ] 127.0.0.1 /web/index.php/Admin99/Order/Confirm/System/Maka/orderid=9f7ff1ee2066
INFO: [ app_begin ] --START--
INFO: Run Behavior\ReadHtmlCacheBehavior [ RunTime:0.000000s ]
INFO: [ app_begin ] --END-- [ RunTime:0.001000s ]
SQL: SHOW COLUMNS FROM `tp_order` [ RunTime:0.0040s ]
SQL: UPDATE `tp_order` SET `status`='1',`operator`='admin99' WHERE ( orderid = '' ) [ RunTime:0.0010s ]
INFO: [ app_end ] --START--
INFO: Run Behavior\ShowPageTraceBehavior [ RunTime:0.001000s ]
INFO: [ app_end ] --END-- [ RunTime:0.001000s ]

[ 2015-05-22T15:37:51+08:00 ] 127.0.0.1 /web/index.php/Admin99/Order/Confirm/System/Maka/orderid=9f7ff1ee2066
INFO: [ app_begin ] --START--
INFO: Run Behavior\ReadHtmlCacheBehavior [ RunTime:0.000000s ]
INFO: [ app_begin ] --END-- [ RunTime:0.001000s ]
SQL: SHOW COLUMNS FROM `tp_order` [ RunTime:0.0030s ]
SQL: UPDATE `tp_order` SET `status`='1',`operator`='admin99' WHERE ( orderid = '' ) [ RunTime:0.0000s ]
INFO: [ app_end ] --START--
INFO: Run Behavior\ShowPageTraceBehavior [ RunTime:0.001000s ]
INFO: [ app_end ] --END-- [ RunTime:0.001000s ]

[ 2015-05-22T15:38:17+08:00 ] 127.0.0.1 /web/index.php/Admin99/Order/Confirm/System/Maka/orderid=9f7ff1ee2066
INFO: [ app_begin ] --START--
INFO: Run Behavior\ReadHtmlCacheBehavior [ RunTime:0.001000s ]
INFO: [ app_begin ] --END-- [ RunTime:0.002000s ]
SQL: SHOW COLUMNS FROM `tp_order` [ RunTime:0.0060s ]
SQL: UPDATE `tp_order` SET `status`='1',`operator`='admin99' WHERE ( orderid = '' ) [ RunTime:0.0010s ]
INFO: [ app_end ] --START--
INFO: Run Behavior\ShowPageTraceBehavior [ RunTime:0.001000s ]
INFO: [ app_end ] --END-- [ RunTime:0.001000s ]

[ 2015-05-22T15:40:20+08:00 ] 127.0.0.1 /web/index.php/Admin99/Order/Confirm/System/Ejiao/orderid=
INFO: [ app_begin ] --START--
INFO: Run Behavior\ReadHtmlCacheBehavior [ RunTime:0.002000s ]
INFO: [ app_begin ] --END-- [ RunTime:0.003000s ]
SQL: SHOW COLUMNS FROM `tp_order` [ RunTime:0.0030s ]
SQL: UPDATE `tp_order` SET `status`='1',`operator`='admin99' WHERE ( orderid = '' ) [ RunTime:0.0010s ]
INFO: [ app_end ] --START--
INFO: Run Behavior\ShowPageTraceBehavior [ RunTime:0.001000s ]
INFO: [ app_end ] --END-- [ RunTime:0.001000s ]

[ 2015-05-22T15:43:54+08:00 ] 127.0.0.1 /web/index.php/Admin99/Order/Confirm/System/Ejiao/orderid=
INFO: [ app_begin ] --START--
INFO: Run Behavior\ReadHtmlCacheBehavior [ RunTime:0.000000s ]
INFO: [ app_begin ] --END-- [ RunTime:0.001000s ]
SQL: SHOW COLUMNS FROM `tp_order` [ RunTime:0.0040s ]
SQL: UPDATE `tp_order` SET `status`='1',`operator`='admin99' WHERE ( orderid = '' ) [ RunTime:0.0000s ]
SQL: UPDATE `tp_order` SET `status`='1',`operator`='admin99' WHERE ( orderid = '' ) [ RunTime:0.0000s ]
INFO: [ app_end ] --START--
INFO: Run Behavior\ShowPageTraceBehavior [ RunTime:0.001000s ]
INFO: [ app_end ] --END-- [ RunTime:0.001000s ]

[ 2015-05-22T15:44:10+08:00 ] 127.0.0.1 /web/index.php/Admin99/Order/Confirm/System/Ejiao/orderid=967b8cefa419
INFO: [ app_begin ] --START--
INFO: Run Behavior\ReadHtmlCacheBehavior [ RunTime:0.000000s ]
INFO: [ app_begin ] --END-- [ RunTime:0.001000s ]
SQL: SHOW COLUMNS FROM `tp_order` [ RunTime:0.0040s ]
SQL: UPDATE `tp_order` SET `status`='1',`operator`='admin99' WHERE ( orderid = '' ) [ RunTime:0.0020s ]
SQL: UPDATE `tp_order` SET `status`='1',`operator`='admin99' WHERE ( orderid = '' ) [ RunTime:0.0010s ]
INFO: [ app_end ] --START--
INFO: Run Behavior\ShowPageTraceBehavior [ RunTime:0.001000s ]
INFO: [ app_end ] --END-- [ RunTime:0.001000s ]

[ 2015-05-22T15:48:14+08:00 ] 127.0.0.1 /web/index.php/Admin99/Order/Confirm/System/Ejiao/orderid=
INFO: [ app_begin ] --START--
INFO: Run Behavior\ReadHtmlCacheBehavior [ RunTime:0.000000s ]
INFO: [ app_begin ] --END-- [ RunTime:0.001000s ]
SQL: SHOW COLUMNS FROM `tp_order` [ RunTime:0.0030s ]
SQL: UPDATE `tp_order` SET `status`='1',`operator`='admin99' WHERE ( orderid = '' ) [ RunTime:0.0000s ]
INFO: [ app_end ] --START--
INFO: Run Behavior\ShowPageTraceBehavior [ RunTime:0.000000s ]
INFO: [ app_end ] --END-- [ RunTime:0.000000s ]

[ 2015-05-22T15:48:18+08:00 ] 127.0.0.1 /web/index.php/Admin99/Order/Confirm/System/Ejiao/orderid=967b8cefa419
INFO: [ app_begin ] --START--
INFO: Run Behavior\ReadHtmlCacheBehavior [ RunTime:0.000000s ]
INFO: [ app_begin ] --END-- [ RunTime:0.001000s ]
SQL: SHOW COLUMNS FROM `tp_order` [ RunTime:0.0030s ]
SQL: UPDATE `tp_order` SET `status`='1',`operator`='admin99' WHERE ( orderid = '' ) [ RunTime:0.0000s ]
INFO: [ app_end ] --START--
INFO: Run Behavior\ShowPageTraceBehavior [ RunTime:0.000000s ]
INFO: [ app_end ] --END-- [ RunTime:0.000000s ]

[ 2015-05-22T15:48:32+08:00 ] 127.0.0.1 /web/index.php/Admin99/Order/Confirm/System/Ejiao/orderid=8847d182e37b
INFO: [ app_begin ] --START--
INFO: Run Behavior\ReadHtmlCacheBehavior [ RunTime:0.000000s ]
INFO: [ app_begin ] --END-- [ RunTime:0.001000s ]
SQL: SHOW COLUMNS FROM `tp_order` [ RunTime:0.0030s ]
SQL: UPDATE `tp_order` SET `status`='1',`operator`='admin99' WHERE ( orderid = '' ) [ RunTime:0.0000s ]
INFO: [ app_end ] --START--
INFO: Run Behavior\ShowPageTraceBehavior [ RunTime:0.001000s ]
INFO: [ app_end ] --END-- [ RunTime:0.001000s ]

[ 2015-05-22T15:48:35+08:00 ] 127.0.0.1 /web/index.php/Admin99/Order/Confirm/System/Ejiao/orderid=8847d182e37b
INFO: [ app_begin ] --START--
INFO: Run Behavior\ReadHtmlCacheBehavior [ RunTime:0.001000s ]
INFO: [ app_begin ] --END-- [ RunTime:0.001000s ]
SQL: SHOW COLUMNS FROM `tp_order` [ RunTime:0.0050s ]
SQL: UPDATE `tp_order` SET `status`='1',`operator`='admin99' WHERE ( orderid = '' ) [ RunTime:0.0010s ]
INFO: [ app_end ] --START--
INFO: Run Behavior\ShowPageTraceBehavior [ RunTime:0.001000s ]
INFO: [ app_end ] --END-- [ RunTime:0.001000s ]

[ 2015-05-22T15:48:38+08:00 ] 127.0.0.1 /web/index.php/Admin99/Order/Confirm/System/Ejiao/orderid=8847d182e37b
INFO: [ app_begin ] --START--
INFO: Run Behavior\ReadHtmlCacheBehavior [ RunTime:0.001000s ]
INFO: [ app_begin ] --END-- [ RunTime:0.001000s ]
SQL: SHOW COLUMNS FROM `tp_order` [ RunTime:0.0040s ]
SQL: UPDATE `tp_order` SET `status`='1',`operator`='admin99' WHERE ( orderid = '' ) [ RunTime:0.0010s ]
INFO: [ app_end ] --START--
INFO: Run Behavior\ShowPageTraceBehavior [ RunTime:0.001000s ]
INFO: [ app_end ] --END-- [ RunTime:0.001000s ]

[ 2015-05-22T15:50:01+08:00 ] 127.0.0.1 /web/index.php/Admin99/Order/Confirm/System/Ejiao/orderid=967b8cefa419
INFO: [ app_begin ] --START--
INFO: Run Behavior\ReadHtmlCacheBehavior [ RunTime:0.001000s ]
INFO: [ app_begin ] --END-- [ RunTime:0.001000s ]
SQL: SHOW COLUMNS FROM `tp_order` [ RunTime:0.0030s ]
SQL: UPDATE `tp_order` SET `status`='1',`operator`='admin99' WHERE ( orderid = '' ) [ RunTime:0.0000s ]
INFO: [ app_end ] --START--
INFO: Run Behavior\ShowPageTraceBehavior [ RunTime:0.001000s ]
INFO: [ app_end ] --END-- [ RunTime:0.001000s ]

[ 2015-05-22T15:50:34+08:00 ] 127.0.0.1 /web/index.php/Admin99/Order/Confirm/System/Ejiao/orderid=967b8cefa419
INFO: [ app_begin ] --START--
INFO: Run Behavior\ReadHtmlCacheBehavior [ RunTime:0.000000s ]
INFO: [ app_begin ] --END-- [ RunTime:0.001000s ]
SQL: SHOW COLUMNS FROM `tp_order` [ RunTime:0.0030s ]
SQL: UPDATE `tp_order` SET `status`='1',`operator`='admin99' WHERE ( orderid = '' ) [ RunTime:0.0010s ]
INFO: [ app_end ] --START--
INFO: Run Behavior\ShowPageTraceBehavior [ RunTime:0.001000s ]
INFO: [ app_end ] --END-- [ RunTime:0.001000s ]

[ 2015-05-22T15:51:00+08:00 ] 127.0.0.1 /web/index.php/Admin99/Order/Confirm/System/Ejiao/orderid/967b8cefa419
INFO: [ app_begin ] --START--
INFO: Run Behavior\ReadHtmlCacheBehavior [ RunTime:0.000000s ]
INFO: [ app_begin ] --END-- [ RunTime:0.001000s ]
SQL: SHOW COLUMNS FROM `tp_order` [ RunTime:0.0040s ]
SQL: UPDATE `tp_order` SET `status`='1',`operator`='admin99' WHERE ( orderid = '967b8cefa419' ) [ RunTime:0.0000s ]
INFO: [ app_end ] --START--
INFO: Run Behavior\ShowPageTraceBehavior [ RunTime:0.001000s ]
INFO: [ app_end ] --END-- [ RunTime:0.001000s ]

[ 2015-05-22T15:51:27+08:00 ] 127.0.0.1 /web/index.php/Admin99/Order/sent/System/Ejiao/orderid/967b8cefa419&expressName=2&expressNum=2
INFO: [ app_begin ] --START--
INFO: Run Behavior\ReadHtmlCacheBehavior [ RunTime:0.000000s ]
INFO: [ app_begin ] --END-- [ RunTime:0.000000s ]
SQL: SHOW COLUMNS FROM `tp_order` [ RunTime:0.0030s ]
SQL: UPDATE `tp_order` SET `expressname`='',`expressnum`='',`status`='2',`operator`='admin99' WHERE ( orderid = '967b8cefa419&amp;expressName=2&amp;expressNum=2' ) [ RunTime:0.0010s ]
INFO: [ app_end ] --START--
INFO: Run Behavior\ShowPageTraceBehavior [ RunTime:0.000000s ]
INFO: [ app_end ] --END-- [ RunTime:0.000000s ]

[ 2015-05-22T15:55:32+08:00 ] 127.0.0.1 /web/index.php/Admin99/Order/Confirm/System/Ejiao/orderid/967b8cefa419
INFO: [ app_begin ] --START--
INFO: Run Behavior\ReadHtmlCacheBehavior [ RunTime:0.000000s ]
INFO: [ app_begin ] --END-- [ RunTime:0.000000s ]
SQL: SHOW COLUMNS FROM `tp_order` [ RunTime:0.0050s ]
SQL: UPDATE `tp_order` SET `status`='1',`operator`='admin99' WHERE ( orderid = '967b8cefa419' ) [ RunTime:0.0010s ]
INFO: [ app_end ] --START--
INFO: Run Behavior\ShowPageTraceBehavior [ RunTime:0.001000s ]
INFO: [ app_end ] --END-- [ RunTime:0.001000s ]

[ 2015-05-22T15:55:37+08:00 ] 127.0.0.1 /web/index.php/Admin99/Order/Confirm/System/Ejiao/orderid/8847d182e37b
INFO: [ app_begin ] --START--
INFO: Run Behavior\ReadHtmlCacheBehavior [ RunTime:0.001000s ]
INFO: [ app_begin ] --END-- [ RunTime:0.001000s ]
SQL: SHOW COLUMNS FROM `tp_order` [ RunTime:0.0040s ]
SQL: UPDATE `tp_order` SET `status`='1',`operator`='admin99' WHERE ( orderid = '8847d182e37b' ) [ RunTime:0.0000s ]
INFO: [ app_end ] --START--
INFO: Run Behavior\ShowPageTraceBehavior [ RunTime:0.001000s ]
INFO: [ app_end ] --END-- [ RunTime:0.001000s ]

[ 2015-05-22T15:55:43+08:00 ] 127.0.0.1 /web/index.php/Admin99/Order/sent/System/Ejiao/orderid/967b8cefa419/expressName/2/expressNum/2
INFO: [ app_begin ] --START--
INFO: Run Behavior\ReadHtmlCacheBehavior [ RunTime:0.001000s ]
INFO: [ app_begin ] --END-- [ RunTime:0.001000s ]
SQL: SHOW COLUMNS FROM `tp_order` [ RunTime:0.0030s ]
SQL: UPDATE `tp_order` SET `expressname`='2',`expressnum`='2',`status`='2',`operator`='admin99' WHERE ( orderid = '967b8cefa419' ) [ RunTime:0.0000s ]
INFO: [ app_end ] --START--
INFO: Run Behavior\ShowPageTraceBehavior [ RunTime:0.000000s ]
INFO: [ app_end ] --END-- [ RunTime:0.001000s ]

[ 2015-05-22T17:32:51+08:00 ] 127.0.0.1 /web/index.php/Admin99/Order/Delete/System/Ejiao/orderid/8847d182e37b
INFO: [ app_begin ] --START--
INFO: Run Behavior\ReadHtmlCacheBehavior [ RunTime:0.000000s ]
INFO: [ app_begin ] --END-- [ RunTime:0.002000s ]
SQL: SHOW COLUMNS FROM `tp_order` [ RunTime:0.0040s ]
SQL: DELETE FROM `tp_order` WHERE ( orderid = '8847d182e37b' ) [ RunTime:0.0010s ]
INFO: [ app_end ] --START--
INFO: Run Behavior\ShowPageTraceBehavior [ RunTime:0.001000s ]
INFO: [ app_end ] --END-- [ RunTime:0.001000s ]

[ 2015-05-22T17:35:28+08:00 ] 127.0.0.1 /web/index.php/Admin99/Order/sent/System/Ejiao/orderid/a9b17e916923/expressName/3/expressNum/3
INFO: [ app_begin ] --START--
INFO: Run Behavior\ReadHtmlCacheBehavior [ RunTime:0.001000s ]
INFO: [ app_begin ] --END-- [ RunTime:0.001000s ]
SQL: SHOW COLUMNS FROM `tp_order` [ RunTime:0.0030s ]
SQL: UPDATE `tp_order` SET `expressname`='3',`expressnum`='3',`status`='2',`operator`='admin99' WHERE ( orderid = 'a9b17e916923' ) [ RunTime:0.0000s ]
INFO: [ app_end ] --START--
INFO: Run Behavior\ShowPageTraceBehavior [ RunTime:0.000000s ]
INFO: [ app_end ] --END-- [ RunTime:0.000000s ]

