[ 2015-05-20T10:18:34+08:00 ] 127.0.0.1 /maka/index.php/Admin99/Advisory/Index
ERR: 无法加载控制器:Advisory

[ 2015-05-20T10:19:45+08:00 ] 127.0.0.1 /maka/index.php/Admin99/Advisory/Index
ERR: 无法加载控制器:Advisory

[ 2015-05-20T10:20:20+08:00 ] 127.0.0.1 /maka/index.php/Admin99/Advisory/Index
ERR: 无法加载控制器:Advisory

[ 2015-05-20T10:20:24+08:00 ] 127.0.0.1 /maka/index.php/Admin99/Advisory
ERR: 无法加载控制器:Advisory

[ 2015-05-20T10:20:29+08:00 ] 127.0.0.1 /maka/index.php/Admin99/Advisory
ERR: 无法加载控制器:Advisory

[ 2015-05-20T10:21:08+08:00 ] 127.0.0.1 /maka/index.php/Admin99/Order
ERR: 非法操作:index

[ 2015-05-20T10:21:10+08:00 ] 127.0.0.1 /maka/index.php/Admin99/Order
ERR: 非法操作:index

[ 2015-05-20T10:21:12+08:00 ] 127.0.0.1 /maka/index.php/Admin99/Order
ERR: 非法操作:index

[ 2015-05-20T10:21:13+08:00 ] 127.0.0.1 /maka/index.php/Admin99/Order
ERR: 非法操作:index

[ 2015-05-20T10:21:15+08:00 ] 127.0.0.1 /maka/index.php/Admin99/Order
ERR: 非法操作:index

[ 2015-05-20T10:21:46+08:00 ] 127.0.0.1 /maka/index.php/Admin99/Advisory/Index
ERR: 无法加载控制器:Advisory

[ 2015-05-20T10:21:55+08:00 ] 127.0.0.1 /maka/index.php/Admin99/Search
ERR: 无法加载控制器:Search

[ 2015-05-20T10:21:59+08:00 ] 127.0.0.1 /maka/index.php/Admin99/Search
ERR: 无法加载控制器:Search

[ 2015-05-20T10:24:37+08:00 ] 127.0.0.1 /maka/index.php/Admin99/Advisory/Index
ERR: 无法加载控制器:Advisory

[ 2015-05-20T10:25:03+08:00 ] 127.0.0.1 /maka/index.php/Admin99/Advisory/Index
ERR: 模板不存在:./Application/Admin99/View/Advisory/Index.html

[ 2015-05-20T10:30:17+08:00 ] 127.0.0.1 /maka/index.php/Admin99/Advisory/Index
ERR: 模板不存在:./Application/Admin99/View/Advisory/Index.html

[ 2015-05-20T11:05:18+08:00 ] 127.0.0.1 /maka/index.php/Admin99/Advisory/Recall/id/1/RecallStatus/0
INFO: [ app_begin ] --START--
INFO: Run Behavior\ReadHtmlCacheBehavior [ RunTime:0.001000s ]
INFO: [ app_begin ] --END-- [ RunTime:0.001000s ]
SQL: SHOW COLUMNS FROM `tp_advisory` [ RunTime:0.0040s ]
SQL: UPDATE `tp_advisory` SET `recall`='1' WHERE ( 1 ) [ RunTime:0.0000s ]
INFO: [ app_end ] --START--
INFO: Run Behavior\ShowPageTraceBehavior [ RunTime:0.001000s ]
INFO: [ app_end ] --END-- [ RunTime:0.001000s ]

[ 2015-05-20T11:07:20+08:00 ] 127.0.0.1 /maka/index.php/Admin99/Advisory/Recall/id/2/RecallStatus/0
INFO: [ app_begin ] --START--
INFO: Run Behavior\ReadHtmlCacheBehavior [ RunTime:0.001000s ]
INFO: [ app_begin ] --END-- [ RunTime:0.002000s ]
SQL: SHOW COLUMNS FROM `tp_advisory` [ RunTime:0.0030s ]
SQL: UPDATE `tp_advisory` SET `recall`='1' WHERE `id` = 2 [ RunTime:0.0010s ]
INFO: [ app_end ] --START--
INFO: Run Behavior\ShowPageTraceBehavior [ RunTime:0.001000s ]
INFO: [ app_end ] --END-- [ RunTime:0.002000s ]

[ 2015-05-20T11:07:34+08:00 ] 127.0.0.1 /maka/index.php/Admin99/Advisory/Recall/id/2/RecallStatus/1
INFO: [ app_begin ] --START--
INFO: Run Behavior\ReadHtmlCacheBehavior [ RunTime:0.001000s ]
INFO: [ app_begin ] --END-- [ RunTime:0.001000s ]
SQL: SHOW COLUMNS FROM `tp_advisory` [ RunTime:0.0080s ]
SQL: UPDATE `tp_advisory` SET `recall`='1' WHERE `id` = 2 [ RunTime:0.0000s ]
INFO: [ app_end ] --START--
INFO: Run Behavior\ShowPageTraceBehavior [ RunTime:0.001001s ]
INFO: [ app_end ] --END-- [ RunTime:0.001001s ]

[ 2015-05-20T11:07:38+08:00 ] 127.0.0.1 /maka/index.php/Admin99/Advisory/Recall/id/2/RecallStatus/1
INFO: [ app_begin ] --START--
INFO: Run Behavior\ReadHtmlCacheBehavior [ RunTime:0.000000s ]
INFO: [ app_begin ] --END-- [ RunTime:0.002000s ]
SQL: SHOW COLUMNS FROM `tp_advisory` [ RunTime:0.0050s ]
SQL: UPDATE `tp_advisory` SET `recall`='1' WHERE `id` = 2 [ RunTime:0.0020s ]
INFO: [ app_end ] --START--
INFO: Run Behavior\ShowPageTraceBehavior [ RunTime:0.001000s ]
INFO: [ app_end ] --END-- [ RunTime:0.001000s ]

[ 2015-05-20T11:07:42+08:00 ] 127.0.0.1 /maka/index.php/Admin99/Advisory/Recall/id/2/RecallStatus/1
INFO: [ app_begin ] --START--
INFO: Run Behavior\ReadHtmlCacheBehavior [ RunTime:0.001000s ]
INFO: [ app_begin ] --END-- [ RunTime:0.001000s ]
SQL: SHOW COLUMNS FROM `tp_advisory` [ RunTime:0.0030s ]
SQL: UPDATE `tp_advisory` SET `recall`='1' WHERE `id` = 2 [ RunTime:0.0010s ]
INFO: [ app_end ] --START--
INFO: Run Behavior\ShowPageTraceBehavior [ RunTime:0.001000s ]
INFO: [ app_end ] --END-- [ RunTime:0.001000s ]

[ 2015-05-20T11:08:53+08:00 ] 127.0.0.1 /maka/index.php/Admin99/Advisory/Recall/id/1/RecallStatus/1
INFO: [ app_begin ] --START--
INFO: Run Behavior\ReadHtmlCacheBehavior [ RunTime:0.001001s ]
INFO: [ app_begin ] --END-- [ RunTime:0.001001s ]
SQL: SHOW COLUMNS FROM `tp_advisory` [ RunTime:0.0070s ]
SQL: UPDATE `tp_advisory` SET `recall`='1' WHERE `id` = 1 [ RunTime:0.0010s ]
INFO: [ app_end ] --START--
INFO: Run Behavior\ShowPageTraceBehavior [ RunTime:0.000000s ]
INFO: [ app_end ] --END-- [ RunTime:0.000000s ]

[ 2015-05-20T11:09:18+08:00 ] 127.0.0.1 /maka/index.php/Admin99/Advisory/Recall/id/1/RecallStatus/1
INFO: [ app_begin ] --START--
INFO: Run Behavior\ReadHtmlCacheBehavior [ RunTime:0.001000s ]
INFO: [ app_begin ] --END-- [ RunTime:0.001000s ]
SQL: SHOW COLUMNS FROM `tp_advisory` [ RunTime:0.0030s ]
SQL: UPDATE `tp_advisory` SET `recall`='1' WHERE `id` = 1 [ RunTime:0.0000s ]
INFO: [ app_end ] --START--
INFO: Run Behavior\ShowPageTraceBehavior [ RunTime:0.001000s ]
INFO: [ app_end ] --END-- [ RunTime:0.001000s ]

[ 2015-05-20T11:09:56+08:00 ] 127.0.0.1 /maka/index.php/Admin99/Advisory/Recall/id/1/RecallStatus/1
INFO: [ app_begin ] --START--
INFO: Run Behavior\ReadHtmlCacheBehavior [ RunTime:0.000000s ]
INFO: [ app_begin ] --END-- [ RunTime:0.001000s ]
SQL: SHOW COLUMNS FROM `tp_advisory` [ RunTime:0.0030s ]
SQL: UPDATE `tp_advisory` SET `recall`='0' WHERE `id` = 1 [ RunTime:0.0010s ]
INFO: [ app_end ] --START--
INFO: Run Behavior\ShowPageTraceBehavior [ RunTime:0.001000s ]
INFO: [ app_end ] --END-- [ RunTime:0.001000s ]

[ 2015-05-20T11:10:01+08:00 ] 127.0.0.1 /maka/index.php/Admin99/Advisory/Recall/id/1/RecallStatus/0
INFO: [ app_begin ] --START--
INFO: Run Behavior\ReadHtmlCacheBehavior [ RunTime:0.001000s ]
INFO: [ app_begin ] --END-- [ RunTime:0.002000s ]
SQL: SHOW COLUMNS FROM `tp_advisory` [ RunTime:0.0040s ]
SQL: UPDATE `tp_advisory` SET `recall`='1' WHERE `id` = 1 [ RunTime:0.0000s ]
INFO: [ app_end ] --START--
INFO: Run Behavior\ShowPageTraceBehavior [ RunTime:0.000000s ]
INFO: [ app_end ] --END-- [ RunTime:0.001000s ]

[ 2015-05-20T11:10:21+08:00 ] 127.0.0.1 /maka/index.php/Admin99/Advisory/Recall/id/1/RecallStatus/1
INFO: [ app_begin ] --START--
INFO: Run Behavior\ReadHtmlCacheBehavior [ RunTime:0.001000s ]
INFO: [ app_begin ] --END-- [ RunTime:0.002000s ]
SQL: SHOW COLUMNS FROM `tp_advisory` [ RunTime:0.0060s ]
SQL: UPDATE `tp_advisory` SET `recall`='0' WHERE `id` = 1 [ RunTime:0.0000s ]
INFO: [ app_end ] --START--
INFO: Run Behavior\ShowPageTraceBehavior [ RunTime:0.001000s ]
INFO: [ app_end ] --END-- [ RunTime:0.001000s ]

[ 2015-05-20T11:10:59+08:00 ] 127.0.0.1 /maka/index.php/Admin99/Advisory/Recall/id/1/RecallStatus/0
INFO: [ app_begin ] --START--
INFO: Run Behavior\ReadHtmlCacheBehavior [ RunTime:0.001000s ]
INFO: [ app_begin ] --END-- [ RunTime:0.001000s ]
SQL: SHOW COLUMNS FROM `tp_advisory` [ RunTime:0.0030s ]
SQL: UPDATE `tp_advisory` SET `recall`='1' WHERE `id` = 1 [ RunTime:0.0000s ]
INFO: [ app_end ] --START--
INFO: Run Behavior\ShowPageTraceBehavior [ RunTime:0.001000s ]
INFO: [ app_end ] --END-- [ RunTime:0.001000s ]

[ 2015-05-20T11:11:03+08:00 ] 127.0.0.1 /maka/index.php/Admin99/Advisory/Recall/id/2/RecallStatus/1
INFO: [ app_begin ] --START--
INFO: Run Behavior\ReadHtmlCacheBehavior [ RunTime:0.001000s ]
INFO: [ app_begin ] --END-- [ RunTime:0.002000s ]
SQL: SHOW COLUMNS FROM `tp_advisory` [ RunTime:0.0060s ]
SQL: UPDATE `tp_advisory` SET `recall`='0' WHERE `id` = 2 [ RunTime:0.0000s ]
INFO: [ app_end ] --START--
INFO: Run Behavior\ShowPageTraceBehavior [ RunTime:0.000000s ]
INFO: [ app_end ] --END-- [ RunTime:0.000000s ]

[ 2015-05-20T11:11:21+08:00 ] 127.0.0.1 /maka/index.php/Admin99/Advisory/Delete/id/1
INFO: [ app_begin ] --START--
INFO: Run Behavior\ReadHtmlCacheBehavior [ RunTime:0.001000s ]
INFO: [ app_begin ] --END-- [ RunTime:0.002000s ]
SQL: SHOW COLUMNS FROM `tp_advisory` [ RunTime:0.0030s ]
SQL: DELETE FROM `tp_advisory` WHERE `id` = 1 [ RunTime:0.0210s ]
INFO: [ app_end ] --START--
INFO: Run Behavior\ShowPageTraceBehavior [ RunTime:0.002000s ]
INFO: [ app_end ] --END-- [ RunTime:0.002000s ]

[ 2015-05-20T11:33:43+08:00 ] 127.0.0.1 /maka/index.php/Admin99/Order/User/Index
ERR: 非法操作:User

[ 2015-05-20T11:34:31+08:00 ] 127.0.0.1 /maka/index.php/Admin99/Order/User/index
ERR: 非法操作:User

[ 2015-05-20T11:34:33+08:00 ] 127.0.0.1 /maka/index.php/Admin99/Order/User/index
ERR: 非法操作:User

[ 2015-05-20T11:34:35+08:00 ] 127.0.0.1 /maka/index.php/Admin99/Order/User/index
ERR: 非法操作:User

[ 2015-05-20T11:34:53+08:00 ] 127.0.0.1 /maka/index.php/Admin99/Order/User/Index
ERR: 非法操作:User

[ 2015-05-20T11:34:56+08:00 ] 127.0.0.1 /maka/index.php/Admin99/Order/User/Index
ERR: 非法操作:User

[ 2015-05-20T11:41:15+08:00 ] 127.0.0.1 /maka/index.php/Admin99/Advisory/Recall/id/2/RecallStatus/0
INFO: [ app_begin ] --START--
INFO: Run Behavior\ReadHtmlCacheBehavior [ RunTime:0.002000s ]
INFO: [ app_begin ] --END-- [ RunTime:0.002000s ]
SQL: SHOW COLUMNS FROM `tp_advisory` [ RunTime:0.0070s ]
SQL: UPDATE `tp_advisory` SET `recall`='1' WHERE `id` = 2 [ RunTime:0.0010s ]
INFO: [ app_end ] --START--
INFO: Run Behavior\ShowPageTraceBehavior [ RunTime:0.001000s ]
INFO: [ app_end ] --END-- [ RunTime:0.001000s ]

[ 2015-05-20T11:41:30+08:00 ] 127.0.0.1 /maka/index.php/Admin99/Product/Delete/id/6
ERR: 非法操作:Delete

